2020-09-26 11:26:43.947  INFO 64588 --- [restartedMain] com.example.demo.ProdasoLiteApplication  : Starting ProdasoLiteApplication on jeevan-2.local with PID 64588 (/Users/oyo/Downloads/demo 2/target/classes started by oyo in /Users/oyo/Downloads/demo 2)
2020-09-26 11:26:43.950  INFO 64588 --- [restartedMain] com.example.demo.ProdasoLiteApplication  : No active profile set, falling back to default profiles: default
2020-09-26 11:26:44.015  INFO 64588 --- [restartedMain] .e.DevToolsPropertyDefaultsPostProcessor : Devtools property defaults active! Set 'spring.devtools.add-properties' to 'false' to disable
2020-09-26 11:26:44.015  INFO 64588 --- [restartedMain] .e.DevToolsPropertyDefaultsPostProcessor : For additional web related logging consider setting the 'logging.level.web' property to 'DEBUG'
2020-09-26 11:26:44.796  INFO 64588 --- [restartedMain] .s.d.r.c.RepositoryConfigurationDelegate : Bootstrapping Spring Data JPA repositories in DEFERRED mode.
2020-09-26 11:26:44.816  INFO 64588 --- [restartedMain] .s.d.r.c.RepositoryConfigurationDelegate : Finished Spring Data repository scanning in 12ms. Found 0 JPA repository interfaces.
2020-09-26 11:26:45.229  INFO 64588 --- [restartedMain] o.s.b.w.embedded.tomcat.TomcatWebServer  : Tomcat initialized with port(s): 5000 (http)
2020-09-26 11:26:45.237  INFO 64588 --- [restartedMain] o.apache.catalina.core.StandardService   : Starting service [Tomcat]
2020-09-26 11:26:45.237  INFO 64588 --- [restartedMain] org.apache.catalina.core.StandardEngine  : Starting Servlet engine: [Apache Tomcat/9.0.38]
2020-09-26 11:26:45.308  INFO 64588 --- [restartedMain] o.a.c.c.C.[Tomcat].[localhost].[/]       : Initializing Spring embedded WebApplicationContext
2020-09-26 11:26:45.308  INFO 64588 --- [restartedMain] w.s.c.ServletWebServerApplicationContext : Root WebApplicationContext: initialization completed in 1293 ms
2020-09-26 11:26:45.429  INFO 64588 --- [restartedMain] o.s.s.concurrent.ThreadPoolTaskExecutor  : Initializing ExecutorService 'applicationTaskExecutor'
2020-09-26 11:26:45.460  INFO 64588 --- [task-1] o.hibernate.jpa.internal.util.LogHelper  : HHH000204: Processing PersistenceUnitInfo [name: default]
2020-09-26 11:26:45.485  WARN 64588 --- [restartedMain] JpaBaseConfiguration$JpaWebConfiguration : spring.jpa.open-in-view is enabled by default. Therefore, database queries may be performed during view rendering. Explicitly configure spring.jpa.open-in-view to disable this warning
2020-09-26 11:26:45.493  INFO 64588 --- [task-1] org.hibernate.Version                    : HHH000412: Hibernate ORM core version 5.4.21.Final
2020-09-26 11:26:45.584  INFO 64588 --- [task-1] o.hibernate.annotations.common.Version   : HCANN000001: Hibernate Commons Annotations {5.1.0.Final}
2020-09-26 11:26:45.598 DEBUG 64588 --- [restartedMain] s.w.s.m.m.a.RequestMappingHandlerAdapter : ControllerAdvice beans: 0 @ModelAttribute, 0 @InitBinder, 1 RequestBodyAdvice, 1 ResponseBodyAdvice
2020-09-26 11:26:45.708 DEBUG 64588 --- [restartedMain] s.w.s.m.m.a.RequestMappingHandlerMapping : 3 mappings in 'requestMappingHandlerMapping'
2020-09-26 11:26:45.719  INFO 64588 --- [task-1] com.zaxxer.hikari.HikariDataSource       : HikariPool-1 - Starting...
2020-09-26 11:26:45.732 DEBUG 64588 --- [restartedMain] o.s.w.s.handler.SimpleUrlHandlerMapping  : Patterns [/webjars/**, /**] in 'resourceHandlerMapping'
2020-09-26 11:26:45.740 DEBUG 64588 --- [restartedMain] .m.m.a.ExceptionHandlerExceptionResolver : ControllerAdvice beans: 0 @ExceptionHandler, 1 ResponseBodyAdvice
2020-09-26 11:26:45.806  INFO 64588 --- [restartedMain] o.s.b.d.a.OptionalLiveReloadServer       : LiveReload server is running on port 35729
2020-09-26 11:26:45.842  INFO 64588 --- [restartedMain] o.s.b.w.embedded.tomcat.TomcatWebServer  : Tomcat started on port(s): 5000 (http) with context path ''
2020-09-26 11:26:45.844  INFO 64588 --- [restartedMain] DeferredRepositoryInitializationListener : Triggering deferred initialization of Spring Data repositories…
2020-09-26 11:26:45.845  INFO 64588 --- [restartedMain] DeferredRepositoryInitializationListener : Spring Data repositories initialized!
2020-09-26 11:26:45.852  INFO 64588 --- [restartedMain] com.example.demo.ProdasoLiteApplication  : Started ProdasoLiteApplication in 2.162 seconds (JVM running for 2.967)
2020-09-26 11:26:46.769 ERROR 64588 --- [task-1] com.zaxxer.hikari.pool.HikariPool        : HikariPool-1 - Exception during pool initialization.

org.postgresql.util.PSQLException: FATAL: role "postgres" is not permitted to log in
	at org.postgresql.core.v3.QueryExecutorImpl.receiveErrorResponse(QueryExecutorImpl.java:2553) ~[postgresql-42.2.16.jar:42.2.16]
	at org.postgresql.core.v3.QueryExecutorImpl.readStartupMessages(QueryExecutorImpl.java:2665) ~[postgresql-42.2.16.jar:42.2.16]
	at org.postgresql.core.v3.QueryExecutorImpl.<init>(QueryExecutorImpl.java:147) ~[postgresql-42.2.16.jar:42.2.16]
	at org.postgresql.core.v3.ConnectionFactoryImpl.openConnectionImpl(ConnectionFactoryImpl.java:273) ~[postgresql-42.2.16.jar:42.2.16]
	at org.postgresql.core.ConnectionFactory.openConnection(ConnectionFactory.java:51) ~[postgresql-42.2.16.jar:42.2.16]
	at org.postgresql.jdbc.PgConnection.<init>(PgConnection.java:225) ~[postgresql-42.2.16.jar:42.2.16]
	at org.postgresql.Driver.makeConnection(Driver.java:465) ~[postgresql-42.2.16.jar:42.2.16]
	at org.postgresql.Driver.connect(Driver.java:264) ~[postgresql-42.2.16.jar:42.2.16]
	at com.zaxxer.hikari.util.DriverDataSource.getConnection(DriverDataSource.java:138) ~[HikariCP-3.4.5.jar:na]
	at com.zaxxer.hikari.pool.PoolBase.newConnection(PoolBase.java:358) ~[HikariCP-3.4.5.jar:na]
	at com.zaxxer.hikari.pool.PoolBase.newPoolEntry(PoolBase.java:206) ~[HikariCP-3.4.5.jar:na]
	at com.zaxxer.hikari.pool.HikariPool.createPoolEntry(HikariPool.java:477) [HikariCP-3.4.5.jar:na]
	at com.zaxxer.hikari.pool.HikariPool.checkFailFast(HikariPool.java:560) [HikariCP-3.4.5.jar:na]
	at com.zaxxer.hikari.pool.HikariPool.<init>(HikariPool.java:115) [HikariCP-3.4.5.jar:na]
	at com.zaxxer.hikari.HikariDataSource.getConnection(HikariDataSource.java:112) [HikariCP-3.4.5.jar:na]
	at org.hibernate.engine.jdbc.connections.internal.DatasourceConnectionProviderImpl.getConnection(DatasourceConnectionProviderImpl.java:122) [hibernate-core-5.4.21.Final.jar:5.4.21.Final]
	at org.hibernate.engine.jdbc.env.internal.JdbcEnvironmentInitiator$ConnectionProviderJdbcConnectionAccess.obtainConnection(JdbcEnvironmentInitiator.java:180) [hibernate-core-5.4.21.Final.jar:5.4.21.Final]
	at org.hibernate.engine.jdbc.env.internal.JdbcEnvironmentInitiator.initiateService(JdbcEnvironmentInitiator.java:68) [hibernate-core-5.4.21.Final.jar:5.4.21.Final]
	at org.hibernate.engine.jdbc.env.internal.JdbcEnvironmentInitiator.initiateService(JdbcEnvironmentInitiator.java:35) [hibernate-core-5.4.21.Final.jar:5.4.21.Final]
	at org.hibernate.boot.registry.internal.StandardServiceRegistryImpl.initiateService(StandardServiceRegistryImpl.java:101) [hibernate-core-5.4.21.Final.jar:5.4.21.Final]
	at org.hibernate.service.internal.AbstractServiceRegistryImpl.createService(AbstractServiceRegistryImpl.java:263) [hibernate-core-5.4.21.Final.jar:5.4.21.Final]
	at org.hibernate.service.internal.AbstractServiceRegistryImpl.initializeService(AbstractServiceRegistryImpl.java:237) [hibernate-core-5.4.21.Final.jar:5.4.21.Final]
	at org.hibernate.service.internal.AbstractServiceRegistryImpl.getService(AbstractServiceRegistryImpl.java:214) [hibernate-core-5.4.21.Final.jar:5.4.21.Final]
	at org.hibernate.id.factory.internal.DefaultIdentifierGeneratorFactory.injectServices(DefaultIdentifierGeneratorFactory.java:152) [hibernate-core-5.4.21.Final.jar:5.4.21.Final]
	at org.hibernate.service.internal.AbstractServiceRegistryImpl.injectDependencies(AbstractServiceRegistryImpl.java:286) [hibernate-core-5.4.21.Final.jar:5.4.21.Final]
	at org.hibernate.service.internal.AbstractServiceRegistryImpl.initializeService(AbstractServiceRegistryImpl.java:243) [hibernate-core-5.4.21.Final.jar:5.4.21.Final]
	at org.hibernate.service.internal.AbstractServiceRegistryImpl.getService(AbstractServiceRegistryImpl.java:214) [hibernate-core-5.4.21.Final.jar:5.4.21.Final]
	at org.hibernate.boot.internal.InFlightMetadataCollectorImpl.<init>(InFlightMetadataCollectorImpl.java:176) [hibernate-core-5.4.21.Final.jar:5.4.21.Final]
	at org.hibernate.boot.model.process.spi.MetadataBuildingProcess.complete(MetadataBuildingProcess.java:118) [hibernate-core-5.4.21.Final.jar:5.4.21.Final]
	at org.hibernate.jpa.boot.internal.EntityManagerFactoryBuilderImpl.metadata(EntityManagerFactoryBuilderImpl.java:1224) [hibernate-core-5.4.21.Final.jar:5.4.21.Final]
	at org.hibernate.jpa.boot.internal.EntityManagerFactoryBuilderImpl.build(EntityManagerFactoryBuilderImpl.java:1255) [hibernate-core-5.4.21.Final.jar:5.4.21.Final]
	at org.springframework.orm.jpa.vendor.SpringHibernateJpaPersistenceProvider.createContainerEntityManagerFactory(SpringHibernateJpaPersistenceProvider.java:58) [spring-orm-5.2.9.RELEASE.jar:5.2.9.RELEASE]
	at org.springframework.orm.jpa.LocalContainerEntityManagerFactoryBean.createNativeEntityManagerFactory(LocalContainerEntityManagerFactoryBean.java:365) [spring-orm-5.2.9.RELEASE.jar:5.2.9.RELEASE]
	at org.springframework.orm.jpa.AbstractEntityManagerFactoryBean.buildNativeEntityManagerFactory(AbstractEntityManagerFactoryBean.java:391) [spring-orm-5.2.9.RELEASE.jar:5.2.9.RELEASE]
	at java.util.concurrent.FutureTask.run(FutureTask.java:266) ~[na:1.8.0_171]
	at java.util.concurrent.ThreadPoolExecutor.runWorker(ThreadPoolExecutor.java:1149) ~[na:1.8.0_171]
	at java.util.concurrent.ThreadPoolExecutor$Worker.run(ThreadPoolExecutor.java:624) ~[na:1.8.0_171]
	at java.lang.Thread.run(Thread.java:748) ~[na:1.8.0_171]

2020-09-26 11:26:46.770  WARN 64588 --- [task-1] o.h.e.j.e.i.JdbcEnvironmentInitiator     : HHH000342: Could not obtain connection to query metadata : FATAL: role "postgres" is not permitted to log in
2020-09-26 11:26:46.778  INFO 64588 --- [task-1] org.hibernate.dialect.Dialect            : HHH000400: Using dialect: org.hibernate.dialect.PostgreSQLDialect
2020-09-26 11:26:46.860  INFO 64588 --- [task-1] com.zaxxer.hikari.HikariDataSource       : HikariPool-1 - Starting...
2020-09-26 11:26:47.870 ERROR 64588 --- [task-1] com.zaxxer.hikari.pool.HikariPool        : HikariPool-1 - Exception during pool initialization.

org.postgresql.util.PSQLException: FATAL: role "postgres" is not permitted to log in
	at org.postgresql.core.v3.QueryExecutorImpl.receiveErrorResponse(QueryExecutorImpl.java:2553) ~[postgresql-42.2.16.jar:42.2.16]
	at org.postgresql.core.v3.QueryExecutorImpl.readStartupMessages(QueryExecutorImpl.java:2665) ~[postgresql-42.2.16.jar:42.2.16]
	at org.postgresql.core.v3.QueryExecutorImpl.<init>(QueryExecutorImpl.java:147) ~[postgresql-42.2.16.jar:42.2.16]
	at org.postgresql.core.v3.ConnectionFactoryImpl.openConnectionImpl(ConnectionFactoryImpl.java:273) ~[postgresql-42.2.16.jar:42.2.16]
	at org.postgresql.core.ConnectionFactory.openConnection(ConnectionFactory.java:51) ~[postgresql-42.2.16.jar:42.2.16]
	at org.postgresql.jdbc.PgConnection.<init>(PgConnection.java:225) ~[postgresql-42.2.16.jar:42.2.16]
	at org.postgresql.Driver.makeConnection(Driver.java:465) ~[postgresql-42.2.16.jar:42.2.16]
	at org.postgresql.Driver.connect(Driver.java:264) ~[postgresql-42.2.16.jar:42.2.16]
	at com.zaxxer.hikari.util.DriverDataSource.getConnection(DriverDataSource.java:138) ~[HikariCP-3.4.5.jar:na]
	at com.zaxxer.hikari.pool.PoolBase.newConnection(PoolBase.java:358) ~[HikariCP-3.4.5.jar:na]
	at com.zaxxer.hikari.pool.PoolBase.newPoolEntry(PoolBase.java:206) ~[HikariCP-3.4.5.jar:na]
	at com.zaxxer.hikari.pool.HikariPool.createPoolEntry(HikariPool.java:477) [HikariCP-3.4.5.jar:na]
	at com.zaxxer.hikari.pool.HikariPool.checkFailFast(HikariPool.java:560) [HikariCP-3.4.5.jar:na]
	at com.zaxxer.hikari.pool.HikariPool.<init>(HikariPool.java:115) [HikariCP-3.4.5.jar:na]
	at com.zaxxer.hikari.HikariDataSource.getConnection(HikariDataSource.java:112) [HikariCP-3.4.5.jar:na]
	at org.hibernate.engine.jdbc.connections.internal.DatasourceConnectionProviderImpl.getConnection(DatasourceConnectionProviderImpl.java:122) [hibernate-core-5.4.21.Final.jar:5.4.21.Final]
	at org.hibernate.engine.jdbc.env.internal.JdbcEnvironmentInitiator$ConnectionProviderJdbcConnectionAccess.obtainConnection(JdbcEnvironmentInitiator.java:180) [hibernate-core-5.4.21.Final.jar:5.4.21.Final]
	at org.hibernate.resource.transaction.backend.jdbc.internal.DdlTransactionIsolatorNonJtaImpl.getIsolatedConnection(DdlTransactionIsolatorNonJtaImpl.java:43) [hibernate-core-5.4.21.Final.jar:5.4.21.Final]
	at org.hibernate.tool.schema.internal.exec.ImprovedExtractionContextImpl.getJdbcConnection(ImprovedExtractionContextImpl.java:60) [hibernate-core-5.4.21.Final.jar:5.4.21.Final]
	at org.hibernate.tool.schema.extract.internal.SequenceInformationExtractorLegacyImpl.extractMetadata(SequenceInformationExtractorLegacyImpl.java:40) [hibernate-core-5.4.21.Final.jar:5.4.21.Final]
	at org.hibernate.tool.schema.extract.internal.DatabaseInformationImpl.initializeSequences(DatabaseInformationImpl.java:65) [hibernate-core-5.4.21.Final.jar:5.4.21.Final]
	at org.hibernate.tool.schema.extract.internal.DatabaseInformationImpl.<init>(DatabaseInformationImpl.java:59) [hibernate-core-5.4.21.Final.jar:5.4.21.Final]
	at org.hibernate.tool.schema.internal.Helper.buildDatabaseInformation(Helper.java:155) [hibernate-core-5.4.21.Final.jar:5.4.21.Final]
	at org.hibernate.tool.schema.internal.AbstractSchemaValidator.doValidation(AbstractSchemaValidator.java:61) [hibernate-core-5.4.21.Final.jar:5.4.21.Final]
	at org.hibernate.tool.schema.spi.SchemaManagementToolCoordinator.performDatabaseAction(SchemaManagementToolCoordinator.java:192) [hibernate-core-5.4.21.Final.jar:5.4.21.Final]
	at org.hibernate.tool.schema.spi.SchemaManagementToolCoordinator.process(SchemaManagementToolCoordinator.java:73) [hibernate-core-5.4.21.Final.jar:5.4.21.Final]
	at org.hibernate.internal.SessionFactoryImpl.<init>(SessionFactoryImpl.java:316) [hibernate-core-5.4.21.Final.jar:5.4.21.Final]
	at org.hibernate.boot.internal.SessionFactoryBuilderImpl.build(SessionFactoryBuilderImpl.java:469) [hibernate-core-5.4.21.Final.jar:5.4.21.Final]
	at org.hibernate.jpa.boot.internal.EntityManagerFactoryBuilderImpl.build(EntityManagerFactoryBuilderImpl.java:1259) [hibernate-core-5.4.21.Final.jar:5.4.21.Final]
	at org.springframework.orm.jpa.vendor.SpringHibernateJpaPersistenceProvider.createContainerEntityManagerFactory(SpringHibernateJpaPersistenceProvider.java:58) [spring-orm-5.2.9.RELEASE.jar:5.2.9.RELEASE]
	at org.springframework.orm.jpa.LocalContainerEntityManagerFactoryBean.createNativeEntityManagerFactory(LocalContainerEntityManagerFactoryBean.java:365) [spring-orm-5.2.9.RELEASE.jar:5.2.9.RELEASE]
	at org.springframework.orm.jpa.AbstractEntityManagerFactoryBean.buildNativeEntityManagerFactory(AbstractEntityManagerFactoryBean.java:391) [spring-orm-5.2.9.RELEASE.jar:5.2.9.RELEASE]
	at java.util.concurrent.FutureTask.run(FutureTask.java:266) ~[na:1.8.0_171]
	at java.util.concurrent.ThreadPoolExecutor.runWorker(ThreadPoolExecutor.java:1149) ~[na:1.8.0_171]
	at java.util.concurrent.ThreadPoolExecutor$Worker.run(ThreadPoolExecutor.java:624) ~[na:1.8.0_171]
	at java.lang.Thread.run(Thread.java:748) ~[na:1.8.0_171]

2020-09-26 11:26:47.871  WARN 64588 --- [task-1] o.h.engine.jdbc.spi.SqlExceptionHelper   : SQL Error: 0, SQLState: 28000
2020-09-26 11:26:47.871 ERROR 64588 --- [task-1] o.h.engine.jdbc.spi.SqlExceptionHelper   : FATAL: role "postgres" is not permitted to log in
2020-09-26 11:30:17.729  INFO 64588 --- [SpringContextShutdownHook] j.LocalContainerEntityManagerFactoryBean : Closing JPA EntityManagerFactory for persistence unit 'default'
2020-09-26 11:30:17.732  WARN 64588 --- [SpringContextShutdownHook] o.s.b.f.support.DisposableBeanAdapter    : Invocation of destroy method failed on bean with name 'entityManagerFactory': javax.persistence.PersistenceException: [PersistenceUnit: default] Unable to build Hibernate SessionFactory; nested exception is org.hibernate.exception.GenericJDBCException: Unable to open JDBC Connection for DDL execution
2020-09-26 11:30:17.732  INFO 64588 --- [SpringContextShutdownHook] o.s.s.concurrent.ThreadPoolTaskExecutor  : Shutting down ExecutorService 'applicationTaskExecutor'
2020-09-26 11:30:21.838  INFO 68942 --- [restartedMain] com.example.demo.ProdasoLiteApplication  : Starting ProdasoLiteApplication on jeevan-2.local with PID 68942 (/Users/oyo/Downloads/demo 2/target/classes started by oyo in /Users/oyo/Downloads/demo 2)
2020-09-26 11:30:21.840  INFO 68942 --- [restartedMain] com.example.demo.ProdasoLiteApplication  : No active profile set, falling back to default profiles: default
2020-09-26 11:30:21.881  INFO 68942 --- [restartedMain] .e.DevToolsPropertyDefaultsPostProcessor : Devtools property defaults active! Set 'spring.devtools.add-properties' to 'false' to disable
2020-09-26 11:30:21.882  INFO 68942 --- [restartedMain] .e.DevToolsPropertyDefaultsPostProcessor : For additional web related logging consider setting the 'logging.level.web' property to 'DEBUG'
2020-09-26 11:30:22.563  INFO 68942 --- [restartedMain] .s.d.r.c.RepositoryConfigurationDelegate : Bootstrapping Spring Data JPA repositories in DEFERRED mode.
2020-09-26 11:30:22.584  INFO 68942 --- [restartedMain] .s.d.r.c.RepositoryConfigurationDelegate : Finished Spring Data repository scanning in 11ms. Found 0 JPA repository interfaces.
2020-09-26 11:30:23.093  INFO 68942 --- [restartedMain] o.s.b.w.embedded.tomcat.TomcatWebServer  : Tomcat initialized with port(s): 5000 (http)
2020-09-26 11:30:23.100  INFO 68942 --- [restartedMain] o.apache.catalina.core.StandardService   : Starting service [Tomcat]
2020-09-26 11:30:23.101  INFO 68942 --- [restartedMain] org.apache.catalina.core.StandardEngine  : Starting Servlet engine: [Apache Tomcat/9.0.38]
2020-09-26 11:30:23.167  INFO 68942 --- [restartedMain] o.a.c.c.C.[Tomcat].[localhost].[/]       : Initializing Spring embedded WebApplicationContext
2020-09-26 11:30:23.167  INFO 68942 --- [restartedMain] w.s.c.ServletWebServerApplicationContext : Root WebApplicationContext: initialization completed in 1285 ms
2020-09-26 11:30:23.293  INFO 68942 --- [restartedMain] o.s.s.concurrent.ThreadPoolTaskExecutor  : Initializing ExecutorService 'applicationTaskExecutor'
2020-09-26 11:30:23.326  INFO 68942 --- [task-1] o.hibernate.jpa.internal.util.LogHelper  : HHH000204: Processing PersistenceUnitInfo [name: default]
2020-09-26 11:30:23.365  WARN 68942 --- [restartedMain] JpaBaseConfiguration$JpaWebConfiguration : spring.jpa.open-in-view is enabled by default. Therefore, database queries may be performed during view rendering. Explicitly configure spring.jpa.open-in-view to disable this warning
2020-09-26 11:30:23.368  INFO 68942 --- [task-1] org.hibernate.Version                    : HHH000412: Hibernate ORM core version 5.4.21.Final
2020-09-26 11:30:23.473  INFO 68942 --- [task-1] o.hibernate.annotations.common.Version   : HCANN000001: Hibernate Commons Annotations {5.1.0.Final}
2020-09-26 11:30:23.520 DEBUG 68942 --- [restartedMain] s.w.s.m.m.a.RequestMappingHandlerAdapter : ControllerAdvice beans: 0 @ModelAttribute, 0 @InitBinder, 1 RequestBodyAdvice, 1 ResponseBodyAdvice
2020-09-26 11:30:23.636  INFO 68942 --- [task-1] com.zaxxer.hikari.HikariDataSource       : HikariPool-1 - Starting...
2020-09-26 11:30:23.659 DEBUG 68942 --- [restartedMain] s.w.s.m.m.a.RequestMappingHandlerMapping : 3 mappings in 'requestMappingHandlerMapping'
2020-09-26 11:30:23.680 DEBUG 68942 --- [restartedMain] o.s.w.s.handler.SimpleUrlHandlerMapping  : Patterns [/webjars/**, /**] in 'resourceHandlerMapping'
2020-09-26 11:30:23.686 DEBUG 68942 --- [restartedMain] .m.m.a.ExceptionHandlerExceptionResolver : ControllerAdvice beans: 0 @ExceptionHandler, 1 ResponseBodyAdvice
2020-09-26 11:30:23.747  INFO 68942 --- [restartedMain] o.s.b.d.a.OptionalLiveReloadServer       : LiveReload server is running on port 35729
2020-09-26 11:30:23.782  INFO 68942 --- [restartedMain] o.s.b.w.embedded.tomcat.TomcatWebServer  : Tomcat started on port(s): 5000 (http) with context path ''
2020-09-26 11:30:23.783  INFO 68942 --- [restartedMain] DeferredRepositoryInitializationListener : Triggering deferred initialization of Spring Data repositories…
2020-09-26 11:30:23.784  INFO 68942 --- [restartedMain] DeferredRepositoryInitializationListener : Spring Data repositories initialized!
2020-09-26 11:30:23.792  INFO 68942 --- [restartedMain] com.example.demo.ProdasoLiteApplication  : Started ProdasoLiteApplication in 2.217 seconds (JVM running for 2.921)
2020-09-26 11:30:24.686 ERROR 68942 --- [task-1] com.zaxxer.hikari.pool.HikariPool        : HikariPool-1 - Exception during pool initialization.

org.postgresql.util.PSQLException: FATAL: role "postgres" is not permitted to log in
	at org.postgresql.core.v3.QueryExecutorImpl.receiveErrorResponse(QueryExecutorImpl.java:2553) ~[postgresql-42.2.16.jar:42.2.16]
	at org.postgresql.core.v3.QueryExecutorImpl.readStartupMessages(QueryExecutorImpl.java:2665) ~[postgresql-42.2.16.jar:42.2.16]
	at org.postgresql.core.v3.QueryExecutorImpl.<init>(QueryExecutorImpl.java:147) ~[postgresql-42.2.16.jar:42.2.16]
	at org.postgresql.core.v3.ConnectionFactoryImpl.openConnectionImpl(ConnectionFactoryImpl.java:273) ~[postgresql-42.2.16.jar:42.2.16]
	at org.postgresql.core.ConnectionFactory.openConnection(ConnectionFactory.java:51) ~[postgresql-42.2.16.jar:42.2.16]
	at org.postgresql.jdbc.PgConnection.<init>(PgConnection.java:225) ~[postgresql-42.2.16.jar:42.2.16]
	at org.postgresql.Driver.makeConnection(Driver.java:465) ~[postgresql-42.2.16.jar:42.2.16]
	at org.postgresql.Driver.connect(Driver.java:264) ~[postgresql-42.2.16.jar:42.2.16]
	at com.zaxxer.hikari.util.DriverDataSource.getConnection(DriverDataSource.java:138) ~[HikariCP-3.4.5.jar:na]
	at com.zaxxer.hikari.pool.PoolBase.newConnection(PoolBase.java:358) ~[HikariCP-3.4.5.jar:na]
	at com.zaxxer.hikari.pool.PoolBase.newPoolEntry(PoolBase.java:206) ~[HikariCP-3.4.5.jar:na]
	at com.zaxxer.hikari.pool.HikariPool.createPoolEntry(HikariPool.java:477) [HikariCP-3.4.5.jar:na]
	at com.zaxxer.hikari.pool.HikariPool.checkFailFast(HikariPool.java:560) [HikariCP-3.4.5.jar:na]
	at com.zaxxer.hikari.pool.HikariPool.<init>(HikariPool.java:115) [HikariCP-3.4.5.jar:na]
	at com.zaxxer.hikari.HikariDataSource.getConnection(HikariDataSource.java:112) [HikariCP-3.4.5.jar:na]
	at org.hibernate.engine.jdbc.connections.internal.DatasourceConnectionProviderImpl.getConnection(DatasourceConnectionProviderImpl.java:122) [hibernate-core-5.4.21.Final.jar:5.4.21.Final]
	at org.hibernate.engine.jdbc.env.internal.JdbcEnvironmentInitiator$ConnectionProviderJdbcConnectionAccess.obtainConnection(JdbcEnvironmentInitiator.java:180) [hibernate-core-5.4.21.Final.jar:5.4.21.Final]
	at org.hibernate.engine.jdbc.env.internal.JdbcEnvironmentInitiator.initiateService(JdbcEnvironmentInitiator.java:68) [hibernate-core-5.4.21.Final.jar:5.4.21.Final]
	at org.hibernate.engine.jdbc.env.internal.JdbcEnvironmentInitiator.initiateService(JdbcEnvironmentInitiator.java:35) [hibernate-core-5.4.21.Final.jar:5.4.21.Final]
	at org.hibernate.boot.registry.internal.StandardServiceRegistryImpl.initiateService(StandardServiceRegistryImpl.java:101) [hibernate-core-5.4.21.Final.jar:5.4.21.Final]
	at org.hibernate.service.internal.AbstractServiceRegistryImpl.createService(AbstractServiceRegistryImpl.java:263) [hibernate-core-5.4.21.Final.jar:5.4.21.Final]
	at org.hibernate.service.internal.AbstractServiceRegistryImpl.initializeService(AbstractServiceRegistryImpl.java:237) [hibernate-core-5.4.21.Final.jar:5.4.21.Final]
	at org.hibernate.service.internal.AbstractServiceRegistryImpl.getService(AbstractServiceRegistryImpl.java:214) [hibernate-core-5.4.21.Final.jar:5.4.21.Final]
	at org.hibernate.id.factory.internal.DefaultIdentifierGeneratorFactory.injectServices(DefaultIdentifierGeneratorFactory.java:152) [hibernate-core-5.4.21.Final.jar:5.4.21.Final]
	at org.hibernate.service.internal.AbstractServiceRegistryImpl.injectDependencies(AbstractServiceRegistryImpl.java:286) [hibernate-core-5.4.21.Final.jar:5.4.21.Final]
	at org.hibernate.service.internal.AbstractServiceRegistryImpl.initializeService(AbstractServiceRegistryImpl.java:243) [hibernate-core-5.4.21.Final.jar:5.4.21.Final]
	at org.hibernate.service.internal.AbstractServiceRegistryImpl.getService(AbstractServiceRegistryImpl.java:214) [hibernate-core-5.4.21.Final.jar:5.4.21.Final]
	at org.hibernate.boot.internal.InFlightMetadataCollectorImpl.<init>(InFlightMetadataCollectorImpl.java:176) [hibernate-core-5.4.21.Final.jar:5.4.21.Final]
	at org.hibernate.boot.model.process.spi.MetadataBuildingProcess.complete(MetadataBuildingProcess.java:118) [hibernate-core-5.4.21.Final.jar:5.4.21.Final]
	at org.hibernate.jpa.boot.internal.EntityManagerFactoryBuilderImpl.metadata(EntityManagerFactoryBuilderImpl.java:1224) [hibernate-core-5.4.21.Final.jar:5.4.21.Final]
	at org.hibernate.jpa.boot.internal.EntityManagerFactoryBuilderImpl.build(EntityManagerFactoryBuilderImpl.java:1255) [hibernate-core-5.4.21.Final.jar:5.4.21.Final]
	at org.springframework.orm.jpa.vendor.SpringHibernateJpaPersistenceProvider.createContainerEntityManagerFactory(SpringHibernateJpaPersistenceProvider.java:58) [spring-orm-5.2.9.RELEASE.jar:5.2.9.RELEASE]
	at org.springframework.orm.jpa.LocalContainerEntityManagerFactoryBean.createNativeEntityManagerFactory(LocalContainerEntityManagerFactoryBean.java:365) [spring-orm-5.2.9.RELEASE.jar:5.2.9.RELEASE]
	at org.springframework.orm.jpa.AbstractEntityManagerFactoryBean.buildNativeEntityManagerFactory(AbstractEntityManagerFactoryBean.java:391) [spring-orm-5.2.9.RELEASE.jar:5.2.9.RELEASE]
	at java.util.concurrent.FutureTask.run(FutureTask.java:266) ~[na:1.8.0_171]
	at java.util.concurrent.ThreadPoolExecutor.runWorker(ThreadPoolExecutor.java:1149) ~[na:1.8.0_171]
	at java.util.concurrent.ThreadPoolExecutor$Worker.run(ThreadPoolExecutor.java:624) ~[na:1.8.0_171]
	at java.lang.Thread.run(Thread.java:748) ~[na:1.8.0_171]

2020-09-26 11:30:24.687  WARN 68942 --- [task-1] o.h.e.j.e.i.JdbcEnvironmentInitiator     : HHH000342: Could not obtain connection to query metadata : FATAL: role "postgres" is not permitted to log in
2020-09-26 11:30:24.694  INFO 68942 --- [task-1] org.hibernate.dialect.Dialect            : HHH000400: Using dialect: org.hibernate.dialect.PostgreSQLDialect
2020-09-26 11:30:24.777  INFO 68942 --- [task-1] com.zaxxer.hikari.HikariDataSource       : HikariPool-1 - Starting...
2020-09-26 11:30:25.786 ERROR 68942 --- [task-1] com.zaxxer.hikari.pool.HikariPool        : HikariPool-1 - Exception during pool initialization.

org.postgresql.util.PSQLException: FATAL: role "postgres" is not permitted to log in
	at org.postgresql.core.v3.QueryExecutorImpl.receiveErrorResponse(QueryExecutorImpl.java:2553) ~[postgresql-42.2.16.jar:42.2.16]
	at org.postgresql.core.v3.QueryExecutorImpl.readStartupMessages(QueryExecutorImpl.java:2665) ~[postgresql-42.2.16.jar:42.2.16]
	at org.postgresql.core.v3.QueryExecutorImpl.<init>(QueryExecutorImpl.java:147) ~[postgresql-42.2.16.jar:42.2.16]
	at org.postgresql.core.v3.ConnectionFactoryImpl.openConnectionImpl(ConnectionFactoryImpl.java:273) ~[postgresql-42.2.16.jar:42.2.16]
	at org.postgresql.core.ConnectionFactory.openConnection(ConnectionFactory.java:51) ~[postgresql-42.2.16.jar:42.2.16]
	at org.postgresql.jdbc.PgConnection.<init>(PgConnection.java:225) ~[postgresql-42.2.16.jar:42.2.16]
	at org.postgresql.Driver.makeConnection(Driver.java:465) ~[postgresql-42.2.16.jar:42.2.16]
	at org.postgresql.Driver.connect(Driver.java:264) ~[postgresql-42.2.16.jar:42.2.16]
	at com.zaxxer.hikari.util.DriverDataSource.getConnection(DriverDataSource.java:138) ~[HikariCP-3.4.5.jar:na]
	at com.zaxxer.hikari.pool.PoolBase.newConnection(PoolBase.java:358) ~[HikariCP-3.4.5.jar:na]
	at com.zaxxer.hikari.pool.PoolBase.newPoolEntry(PoolBase.java:206) ~[HikariCP-3.4.5.jar:na]
	at com.zaxxer.hikari.pool.HikariPool.createPoolEntry(HikariPool.java:477) [HikariCP-3.4.5.jar:na]
	at com.zaxxer.hikari.pool.HikariPool.checkFailFast(HikariPool.java:560) [HikariCP-3.4.5.jar:na]
	at com.zaxxer.hikari.pool.HikariPool.<init>(HikariPool.java:115) [HikariCP-3.4.5.jar:na]
	at com.zaxxer.hikari.HikariDataSource.getConnection(HikariDataSource.java:112) [HikariCP-3.4.5.jar:na]
	at org.hibernate.engine.jdbc.connections.internal.DatasourceConnectionProviderImpl.getConnection(DatasourceConnectionProviderImpl.java:122) [hibernate-core-5.4.21.Final.jar:5.4.21.Final]
	at org.hibernate.engine.jdbc.env.internal.JdbcEnvironmentInitiator$ConnectionProviderJdbcConnectionAccess.obtainConnection(JdbcEnvironmentInitiator.java:180) [hibernate-core-5.4.21.Final.jar:5.4.21.Final]
	at org.hibernate.resource.transaction.backend.jdbc.internal.DdlTransactionIsolatorNonJtaImpl.getIsolatedConnection(DdlTransactionIsolatorNonJtaImpl.java:43) [hibernate-core-5.4.21.Final.jar:5.4.21.Final]
	at org.hibernate.tool.schema.internal.exec.ImprovedExtractionContextImpl.getJdbcConnection(ImprovedExtractionContextImpl.java:60) [hibernate-core-5.4.21.Final.jar:5.4.21.Final]
	at org.hibernate.tool.schema.extract.internal.SequenceInformationExtractorLegacyImpl.extractMetadata(SequenceInformationExtractorLegacyImpl.java:40) [hibernate-core-5.4.21.Final.jar:5.4.21.Final]
	at org.hibernate.tool.schema.extract.internal.DatabaseInformationImpl.initializeSequences(DatabaseInformationImpl.java:65) [hibernate-core-5.4.21.Final.jar:5.4.21.Final]
	at org.hibernate.tool.schema.extract.internal.DatabaseInformationImpl.<init>(DatabaseInformationImpl.java:59) [hibernate-core-5.4.21.Final.jar:5.4.21.Final]
	at org.hibernate.tool.schema.internal.Helper.buildDatabaseInformation(Helper.java:155) [hibernate-core-5.4.21.Final.jar:5.4.21.Final]
	at org.hibernate.tool.schema.internal.AbstractSchemaValidator.doValidation(AbstractSchemaValidator.java:61) [hibernate-core-5.4.21.Final.jar:5.4.21.Final]
	at org.hibernate.tool.schema.spi.SchemaManagementToolCoordinator.performDatabaseAction(SchemaManagementToolCoordinator.java:192) [hibernate-core-5.4.21.Final.jar:5.4.21.Final]
	at org.hibernate.tool.schema.spi.SchemaManagementToolCoordinator.process(SchemaManagementToolCoordinator.java:73) [hibernate-core-5.4.21.Final.jar:5.4.21.Final]
	at org.hibernate.internal.SessionFactoryImpl.<init>(SessionFactoryImpl.java:316) [hibernate-core-5.4.21.Final.jar:5.4.21.Final]
	at org.hibernate.boot.internal.SessionFactoryBuilderImpl.build(SessionFactoryBuilderImpl.java:469) [hibernate-core-5.4.21.Final.jar:5.4.21.Final]
	at org.hibernate.jpa.boot.internal.EntityManagerFactoryBuilderImpl.build(EntityManagerFactoryBuilderImpl.java:1259) [hibernate-core-5.4.21.Final.jar:5.4.21.Final]
	at org.springframework.orm.jpa.vendor.SpringHibernateJpaPersistenceProvider.createContainerEntityManagerFactory(SpringHibernateJpaPersistenceProvider.java:58) [spring-orm-5.2.9.RELEASE.jar:5.2.9.RELEASE]
	at org.springframework.orm.jpa.LocalContainerEntityManagerFactoryBean.createNativeEntityManagerFactory(LocalContainerEntityManagerFactoryBean.java:365) [spring-orm-5.2.9.RELEASE.jar:5.2.9.RELEASE]
	at org.springframework.orm.jpa.AbstractEntityManagerFactoryBean.buildNativeEntityManagerFactory(AbstractEntityManagerFactoryBean.java:391) [spring-orm-5.2.9.RELEASE.jar:5.2.9.RELEASE]
	at java.util.concurrent.FutureTask.run(FutureTask.java:266) ~[na:1.8.0_171]
	at java.util.concurrent.ThreadPoolExecutor.runWorker(ThreadPoolExecutor.java:1149) ~[na:1.8.0_171]
	at java.util.concurrent.ThreadPoolExecutor$Worker.run(ThreadPoolExecutor.java:624) ~[na:1.8.0_171]
	at java.lang.Thread.run(Thread.java:748) ~[na:1.8.0_171]

2020-09-26 11:30:25.787  WARN 68942 --- [task-1] o.h.engine.jdbc.spi.SqlExceptionHelper   : SQL Error: 0, SQLState: 28000
2020-09-26 11:30:25.787 ERROR 68942 --- [task-1] o.h.engine.jdbc.spi.SqlExceptionHelper   : FATAL: role "postgres" is not permitted to log in
2020-09-26 11:30:38.422  INFO 68942 --- [SpringContextShutdownHook] j.LocalContainerEntityManagerFactoryBean : Closing JPA EntityManagerFactory for persistence unit 'default'
2020-09-26 11:30:38.423  WARN 68942 --- [SpringContextShutdownHook] o.s.b.f.support.DisposableBeanAdapter    : Invocation of destroy method failed on bean with name 'entityManagerFactory': javax.persistence.PersistenceException: [PersistenceUnit: default] Unable to build Hibernate SessionFactory; nested exception is org.hibernate.exception.GenericJDBCException: Unable to open JDBC Connection for DDL execution
2020-09-26 11:30:38.424  INFO 68942 --- [SpringContextShutdownHook] o.s.s.concurrent.ThreadPoolTaskExecutor  : Shutting down ExecutorService 'applicationTaskExecutor'
2020-09-26 11:33:25.770  INFO 72563 --- [restartedMain] com.example.demo.ProdasoLiteApplication  : Starting ProdasoLiteApplication on jeevan-2.local with PID 72563 (/Users/oyo/Downloads/demo 2/target/classes started by oyo in /Users/oyo/Downloads/demo 2)
2020-09-26 11:33:25.781  INFO 72563 --- [restartedMain] com.example.demo.ProdasoLiteApplication  : No active profile set, falling back to default profiles: default
2020-09-26 11:33:25.847  INFO 72563 --- [restartedMain] .e.DevToolsPropertyDefaultsPostProcessor : Devtools property defaults active! Set 'spring.devtools.add-properties' to 'false' to disable
2020-09-26 11:33:25.847  INFO 72563 --- [restartedMain] .e.DevToolsPropertyDefaultsPostProcessor : For additional web related logging consider setting the 'logging.level.web' property to 'DEBUG'
2020-09-26 11:33:26.576  INFO 72563 --- [restartedMain] .s.d.r.c.RepositoryConfigurationDelegate : Bootstrapping Spring Data JPA repositories in DEFERRED mode.
2020-09-26 11:33:26.598  INFO 72563 --- [restartedMain] .s.d.r.c.RepositoryConfigurationDelegate : Finished Spring Data repository scanning in 12ms. Found 0 JPA repository interfaces.
2020-09-26 11:33:27.165  INFO 72563 --- [restartedMain] o.s.b.w.embedded.tomcat.TomcatWebServer  : Tomcat initialized with port(s): 5000 (http)
2020-09-26 11:33:27.175  INFO 72563 --- [restartedMain] o.apache.catalina.core.StandardService   : Starting service [Tomcat]
2020-09-26 11:33:27.175  INFO 72563 --- [restartedMain] org.apache.catalina.core.StandardEngine  : Starting Servlet engine: [Apache Tomcat/9.0.38]
2020-09-26 11:33:27.257  INFO 72563 --- [restartedMain] o.a.c.c.C.[Tomcat].[localhost].[/]       : Initializing Spring embedded WebApplicationContext
2020-09-26 11:33:27.257  INFO 72563 --- [restartedMain] w.s.c.ServletWebServerApplicationContext : Root WebApplicationContext: initialization completed in 1410 ms
2020-09-26 11:33:27.440  INFO 72563 --- [restartedMain] o.s.s.concurrent.ThreadPoolTaskExecutor  : Initializing ExecutorService 'applicationTaskExecutor'
2020-09-26 11:33:27.490  INFO 72563 --- [task-1] o.hibernate.jpa.internal.util.LogHelper  : HHH000204: Processing PersistenceUnitInfo [name: default]
2020-09-26 11:33:27.522  WARN 72563 --- [restartedMain] JpaBaseConfiguration$JpaWebConfiguration : spring.jpa.open-in-view is enabled by default. Therefore, database queries may be performed during view rendering. Explicitly configure spring.jpa.open-in-view to disable this warning
2020-09-26 11:33:27.545  INFO 72563 --- [task-1] org.hibernate.Version                    : HHH000412: Hibernate ORM core version 5.4.21.Final
2020-09-26 11:33:27.679 DEBUG 72563 --- [restartedMain] s.w.s.m.m.a.RequestMappingHandlerAdapter : ControllerAdvice beans: 0 @ModelAttribute, 0 @InitBinder, 1 RequestBodyAdvice, 1 ResponseBodyAdvice
2020-09-26 11:33:27.701  INFO 72563 --- [task-1] o.hibernate.annotations.common.Version   : HCANN000001: Hibernate Commons Annotations {5.1.0.Final}
2020-09-26 11:33:27.741 DEBUG 72563 --- [restartedMain] s.w.s.m.m.a.RequestMappingHandlerMapping : 3 mappings in 'requestMappingHandlerMapping'
2020-09-26 11:33:27.817 DEBUG 72563 --- [restartedMain] o.s.w.s.handler.SimpleUrlHandlerMapping  : Patterns [/webjars/**, /**] in 'resourceHandlerMapping'
2020-09-26 11:33:27.827 DEBUG 72563 --- [restartedMain] .m.m.a.ExceptionHandlerExceptionResolver : ControllerAdvice beans: 0 @ExceptionHandler, 1 ResponseBodyAdvice
2020-09-26 11:33:27.858  INFO 72563 --- [task-1] com.zaxxer.hikari.HikariDataSource       : HikariPool-1 - Starting...
2020-09-26 11:33:27.919  INFO 72563 --- [restartedMain] o.s.b.d.a.OptionalLiveReloadServer       : LiveReload server is running on port 35729
2020-09-26 11:33:27.966  INFO 72563 --- [restartedMain] o.s.b.w.embedded.tomcat.TomcatWebServer  : Tomcat started on port(s): 5000 (http) with context path ''
2020-09-26 11:33:27.968  INFO 72563 --- [restartedMain] DeferredRepositoryInitializationListener : Triggering deferred initialization of Spring Data repositories…
2020-09-26 11:33:27.969  INFO 72563 --- [restartedMain] DeferredRepositoryInitializationListener : Spring Data repositories initialized!
2020-09-26 11:33:27.978  INFO 72563 --- [restartedMain] com.example.demo.ProdasoLiteApplication  : Started ProdasoLiteApplication in 2.609 seconds (JVM running for 3.625)
2020-09-26 11:33:28.946 ERROR 72563 --- [task-1] com.zaxxer.hikari.pool.HikariPool        : HikariPool-1 - Exception during pool initialization.

org.postgresql.util.PSQLException: FATAL: role "postgres" is not permitted to log in
	at org.postgresql.core.v3.QueryExecutorImpl.receiveErrorResponse(QueryExecutorImpl.java:2553) ~[postgresql-42.2.16.jar:42.2.16]
	at org.postgresql.core.v3.QueryExecutorImpl.readStartupMessages(QueryExecutorImpl.java:2665) ~[postgresql-42.2.16.jar:42.2.16]
	at org.postgresql.core.v3.QueryExecutorImpl.<init>(QueryExecutorImpl.java:147) ~[postgresql-42.2.16.jar:42.2.16]
	at org.postgresql.core.v3.ConnectionFactoryImpl.openConnectionImpl(ConnectionFactoryImpl.java:273) ~[postgresql-42.2.16.jar:42.2.16]
	at org.postgresql.core.ConnectionFactory.openConnection(ConnectionFactory.java:51) ~[postgresql-42.2.16.jar:42.2.16]
	at org.postgresql.jdbc.PgConnection.<init>(PgConnection.java:225) ~[postgresql-42.2.16.jar:42.2.16]
	at org.postgresql.Driver.makeConnection(Driver.java:465) ~[postgresql-42.2.16.jar:42.2.16]
	at org.postgresql.Driver.connect(Driver.java:264) ~[postgresql-42.2.16.jar:42.2.16]
	at com.zaxxer.hikari.util.DriverDataSource.getConnection(DriverDataSource.java:138) ~[HikariCP-3.4.5.jar:na]
	at com.zaxxer.hikari.pool.PoolBase.newConnection(PoolBase.java:358) ~[HikariCP-3.4.5.jar:na]
	at com.zaxxer.hikari.pool.PoolBase.newPoolEntry(PoolBase.java:206) ~[HikariCP-3.4.5.jar:na]
	at com.zaxxer.hikari.pool.HikariPool.createPoolEntry(HikariPool.java:477) [HikariCP-3.4.5.jar:na]
	at com.zaxxer.hikari.pool.HikariPool.checkFailFast(HikariPool.java:560) [HikariCP-3.4.5.jar:na]
	at com.zaxxer.hikari.pool.HikariPool.<init>(HikariPool.java:115) [HikariCP-3.4.5.jar:na]
	at com.zaxxer.hikari.HikariDataSource.getConnection(HikariDataSource.java:112) [HikariCP-3.4.5.jar:na]
	at org.hibernate.engine.jdbc.connections.internal.DatasourceConnectionProviderImpl.getConnection(DatasourceConnectionProviderImpl.java:122) [hibernate-core-5.4.21.Final.jar:5.4.21.Final]
	at org.hibernate.engine.jdbc.env.internal.JdbcEnvironmentInitiator$ConnectionProviderJdbcConnectionAccess.obtainConnection(JdbcEnvironmentInitiator.java:180) [hibernate-core-5.4.21.Final.jar:5.4.21.Final]
	at org.hibernate.engine.jdbc.env.internal.JdbcEnvironmentInitiator.initiateService(JdbcEnvironmentInitiator.java:68) [hibernate-core-5.4.21.Final.jar:5.4.21.Final]
	at org.hibernate.engine.jdbc.env.internal.JdbcEnvironmentInitiator.initiateService(JdbcEnvironmentInitiator.java:35) [hibernate-core-5.4.21.Final.jar:5.4.21.Final]
	at org.hibernate.boot.registry.internal.StandardServiceRegistryImpl.initiateService(StandardServiceRegistryImpl.java:101) [hibernate-core-5.4.21.Final.jar:5.4.21.Final]
	at org.hibernate.service.internal.AbstractServiceRegistryImpl.createService(AbstractServiceRegistryImpl.java:263) [hibernate-core-5.4.21.Final.jar:5.4.21.Final]
	at org.hibernate.service.internal.AbstractServiceRegistryImpl.initializeService(AbstractServiceRegistryImpl.java:237) [hibernate-core-5.4.21.Final.jar:5.4.21.Final]
	at org.hibernate.service.internal.AbstractServiceRegistryImpl.getService(AbstractServiceRegistryImpl.java:214) [hibernate-core-5.4.21.Final.jar:5.4.21.Final]
	at org.hibernate.id.factory.internal.DefaultIdentifierGeneratorFactory.injectServices(DefaultIdentifierGeneratorFactory.java:152) [hibernate-core-5.4.21.Final.jar:5.4.21.Final]
	at org.hibernate.service.internal.AbstractServiceRegistryImpl.injectDependencies(AbstractServiceRegistryImpl.java:286) [hibernate-core-5.4.21.Final.jar:5.4.21.Final]
	at org.hibernate.service.internal.AbstractServiceRegistryImpl.initializeService(AbstractServiceRegistryImpl.java:243) [hibernate-core-5.4.21.Final.jar:5.4.21.Final]
	at org.hibernate.service.internal.AbstractServiceRegistryImpl.getService(AbstractServiceRegistryImpl.java:214) [hibernate-core-5.4.21.Final.jar:5.4.21.Final]
	at org.hibernate.boot.internal.InFlightMetadataCollectorImpl.<init>(InFlightMetadataCollectorImpl.java:176) [hibernate-core-5.4.21.Final.jar:5.4.21.Final]
	at org.hibernate.boot.model.process.spi.MetadataBuildingProcess.complete(MetadataBuildingProcess.java:118) [hibernate-core-5.4.21.Final.jar:5.4.21.Final]
	at org.hibernate.jpa.boot.internal.EntityManagerFactoryBuilderImpl.metadata(EntityManagerFactoryBuilderImpl.java:1224) [hibernate-core-5.4.21.Final.jar:5.4.21.Final]
	at org.hibernate.jpa.boot.internal.EntityManagerFactoryBuilderImpl.build(EntityManagerFactoryBuilderImpl.java:1255) [hibernate-core-5.4.21.Final.jar:5.4.21.Final]
	at org.springframework.orm.jpa.vendor.SpringHibernateJpaPersistenceProvider.createContainerEntityManagerFactory(SpringHibernateJpaPersistenceProvider.java:58) [spring-orm-5.2.9.RELEASE.jar:5.2.9.RELEASE]
	at org.springframework.orm.jpa.LocalContainerEntityManagerFactoryBean.createNativeEntityManagerFactory(LocalContainerEntityManagerFactoryBean.java:365) [spring-orm-5.2.9.RELEASE.jar:5.2.9.RELEASE]
	at org.springframework.orm.jpa.AbstractEntityManagerFactoryBean.buildNativeEntityManagerFactory(AbstractEntityManagerFactoryBean.java:391) [spring-orm-5.2.9.RELEASE.jar:5.2.9.RELEASE]
	at java.util.concurrent.FutureTask.run(FutureTask.java:266) ~[na:1.8.0_171]
	at java.util.concurrent.ThreadPoolExecutor.runWorker(ThreadPoolExecutor.java:1149) ~[na:1.8.0_171]
	at java.util.concurrent.ThreadPoolExecutor$Worker.run(ThreadPoolExecutor.java:624) ~[na:1.8.0_171]
	at java.lang.Thread.run(Thread.java:748) ~[na:1.8.0_171]

2020-09-26 11:33:28.947  WARN 72563 --- [task-1] o.h.e.j.e.i.JdbcEnvironmentInitiator     : HHH000342: Could not obtain connection to query metadata : FATAL: role "postgres" is not permitted to log in
2020-09-26 11:33:28.963  INFO 72563 --- [task-1] org.hibernate.dialect.Dialect            : HHH000400: Using dialect: org.hibernate.dialect.PostgreSQLDialect
2020-09-26 11:33:29.145  INFO 72563 --- [task-1] com.zaxxer.hikari.HikariDataSource       : HikariPool-1 - Starting...
2020-09-26 11:33:30.156 ERROR 72563 --- [task-1] com.zaxxer.hikari.pool.HikariPool        : HikariPool-1 - Exception during pool initialization.

org.postgresql.util.PSQLException: FATAL: role "postgres" is not permitted to log in
	at org.postgresql.core.v3.QueryExecutorImpl.receiveErrorResponse(QueryExecutorImpl.java:2553) ~[postgresql-42.2.16.jar:42.2.16]
	at org.postgresql.core.v3.QueryExecutorImpl.readStartupMessages(QueryExecutorImpl.java:2665) ~[postgresql-42.2.16.jar:42.2.16]
	at org.postgresql.core.v3.QueryExecutorImpl.<init>(QueryExecutorImpl.java:147) ~[postgresql-42.2.16.jar:42.2.16]
	at org.postgresql.core.v3.ConnectionFactoryImpl.openConnectionImpl(ConnectionFactoryImpl.java:273) ~[postgresql-42.2.16.jar:42.2.16]
	at org.postgresql.core.ConnectionFactory.openConnection(ConnectionFactory.java:51) ~[postgresql-42.2.16.jar:42.2.16]
	at org.postgresql.jdbc.PgConnection.<init>(PgConnection.java:225) ~[postgresql-42.2.16.jar:42.2.16]
	at org.postgresql.Driver.makeConnection(Driver.java:465) ~[postgresql-42.2.16.jar:42.2.16]
	at org.postgresql.Driver.connect(Driver.java:264) ~[postgresql-42.2.16.jar:42.2.16]
	at com.zaxxer.hikari.util.DriverDataSource.getConnection(DriverDataSource.java:138) ~[HikariCP-3.4.5.jar:na]
	at com.zaxxer.hikari.pool.PoolBase.newConnection(PoolBase.java:358) ~[HikariCP-3.4.5.jar:na]
	at com.zaxxer.hikari.pool.PoolBase.newPoolEntry(PoolBase.java:206) ~[HikariCP-3.4.5.jar:na]
	at com.zaxxer.hikari.pool.HikariPool.createPoolEntry(HikariPool.java:477) [HikariCP-3.4.5.jar:na]
	at com.zaxxer.hikari.pool.HikariPool.checkFailFast(HikariPool.java:560) [HikariCP-3.4.5.jar:na]
	at com.zaxxer.hikari.pool.HikariPool.<init>(HikariPool.java:115) [HikariCP-3.4.5.jar:na]
	at com.zaxxer.hikari.HikariDataSource.getConnection(HikariDataSource.java:112) [HikariCP-3.4.5.jar:na]
	at org.hibernate.engine.jdbc.connections.internal.DatasourceConnectionProviderImpl.getConnection(DatasourceConnectionProviderImpl.java:122) [hibernate-core-5.4.21.Final.jar:5.4.21.Final]
	at org.hibernate.engine.jdbc.env.internal.JdbcEnvironmentInitiator$ConnectionProviderJdbcConnectionAccess.obtainConnection(JdbcEnvironmentInitiator.java:180) [hibernate-core-5.4.21.Final.jar:5.4.21.Final]
	at org.hibernate.resource.transaction.backend.jdbc.internal.DdlTransactionIsolatorNonJtaImpl.getIsolatedConnection(DdlTransactionIsolatorNonJtaImpl.java:43) [hibernate-core-5.4.21.Final.jar:5.4.21.Final]
	at org.hibernate.tool.schema.internal.exec.ImprovedExtractionContextImpl.getJdbcConnection(ImprovedExtractionContextImpl.java:60) [hibernate-core-5.4.21.Final.jar:5.4.21.Final]
	at org.hibernate.tool.schema.extract.internal.SequenceInformationExtractorLegacyImpl.extractMetadata(SequenceInformationExtractorLegacyImpl.java:40) [hibernate-core-5.4.21.Final.jar:5.4.21.Final]
	at org.hibernate.tool.schema.extract.internal.DatabaseInformationImpl.initializeSequences(DatabaseInformationImpl.java:65) [hibernate-core-5.4.21.Final.jar:5.4.21.Final]
	at org.hibernate.tool.schema.extract.internal.DatabaseInformationImpl.<init>(DatabaseInformationImpl.java:59) [hibernate-core-5.4.21.Final.jar:5.4.21.Final]
	at org.hibernate.tool.schema.internal.Helper.buildDatabaseInformation(Helper.java:155) [hibernate-core-5.4.21.Final.jar:5.4.21.Final]
	at org.hibernate.tool.schema.internal.AbstractSchemaValidator.doValidation(AbstractSchemaValidator.java:61) [hibernate-core-5.4.21.Final.jar:5.4.21.Final]
	at org.hibernate.tool.schema.spi.SchemaManagementToolCoordinator.performDatabaseAction(SchemaManagementToolCoordinator.java:192) [hibernate-core-5.4.21.Final.jar:5.4.21.Final]
	at org.hibernate.tool.schema.spi.SchemaManagementToolCoordinator.process(SchemaManagementToolCoordinator.java:73) [hibernate-core-5.4.21.Final.jar:5.4.21.Final]
	at org.hibernate.internal.SessionFactoryImpl.<init>(SessionFactoryImpl.java:316) [hibernate-core-5.4.21.Final.jar:5.4.21.Final]
	at org.hibernate.boot.internal.SessionFactoryBuilderImpl.build(SessionFactoryBuilderImpl.java:469) [hibernate-core-5.4.21.Final.jar:5.4.21.Final]
	at org.hibernate.jpa.boot.internal.EntityManagerFactoryBuilderImpl.build(EntityManagerFactoryBuilderImpl.java:1259) [hibernate-core-5.4.21.Final.jar:5.4.21.Final]
	at org.springframework.orm.jpa.vendor.SpringHibernateJpaPersistenceProvider.createContainerEntityManagerFactory(SpringHibernateJpaPersistenceProvider.java:58) [spring-orm-5.2.9.RELEASE.jar:5.2.9.RELEASE]
	at org.springframework.orm.jpa.LocalContainerEntityManagerFactoryBean.createNativeEntityManagerFactory(LocalContainerEntityManagerFactoryBean.java:365) [spring-orm-5.2.9.RELEASE.jar:5.2.9.RELEASE]
	at org.springframework.orm.jpa.AbstractEntityManagerFactoryBean.buildNativeEntityManagerFactory(AbstractEntityManagerFactoryBean.java:391) [spring-orm-5.2.9.RELEASE.jar:5.2.9.RELEASE]
	at java.util.concurrent.FutureTask.run(FutureTask.java:266) ~[na:1.8.0_171]
	at java.util.concurrent.ThreadPoolExecutor.runWorker(ThreadPoolExecutor.java:1149) ~[na:1.8.0_171]
	at java.util.concurrent.ThreadPoolExecutor$Worker.run(ThreadPoolExecutor.java:624) ~[na:1.8.0_171]
	at java.lang.Thread.run(Thread.java:748) ~[na:1.8.0_171]

2020-09-26 11:33:30.160  WARN 72563 --- [task-1] o.h.engine.jdbc.spi.SqlExceptionHelper   : SQL Error: 0, SQLState: 28000
2020-09-26 11:33:30.160 ERROR 72563 --- [task-1] o.h.engine.jdbc.spi.SqlExceptionHelper   : FATAL: role "postgres" is not permitted to log in
2020-09-26 11:33:38.543  INFO 72563 --- [SpringContextShutdownHook] j.LocalContainerEntityManagerFactoryBean : Closing JPA EntityManagerFactory for persistence unit 'default'
2020-09-26 11:33:38.545  WARN 72563 --- [SpringContextShutdownHook] o.s.b.f.support.DisposableBeanAdapter    : Invocation of destroy method failed on bean with name 'entityManagerFactory': javax.persistence.PersistenceException: [PersistenceUnit: default] Unable to build Hibernate SessionFactory; nested exception is org.hibernate.exception.GenericJDBCException: Unable to open JDBC Connection for DDL execution
2020-09-26 11:33:38.545  INFO 72563 --- [SpringContextShutdownHook] o.s.s.concurrent.ThreadPoolTaskExecutor  : Shutting down ExecutorService 'applicationTaskExecutor'
2020-09-26 11:34:02.208  INFO 73262 --- [main] c.e.demo.ProdasoLiteApplicationTests     : Starting ProdasoLiteApplicationTests on jeevan-2.local with PID 73262 (started by oyo in /Users/oyo/Downloads/demo 2)
2020-09-26 11:34:02.220  INFO 73262 --- [main] c.e.demo.ProdasoLiteApplicationTests     : No active profile set, falling back to default profiles: default
2020-09-26 11:34:02.268 DEBUG 73262 --- [main] o.s.w.c.s.GenericWebApplicationContext   : Refreshing org.springframework.web.context.support.GenericWebApplicationContext@5aa0dbf4
2020-09-26 11:34:02.913  INFO 73262 --- [main] .s.d.r.c.RepositoryConfigurationDelegate : Bootstrapping Spring Data JPA repositories in DEFERRED mode.
2020-09-26 11:34:02.942  INFO 73262 --- [main] .s.d.r.c.RepositoryConfigurationDelegate : Finished Spring Data repository scanning in 17ms. Found 0 JPA repository interfaces.
2020-09-26 11:34:03.577  INFO 73262 --- [main] o.s.s.concurrent.ThreadPoolTaskExecutor  : Initializing ExecutorService 'applicationTaskExecutor'
2020-09-26 11:34:03.644  INFO 73262 --- [task-1] o.hibernate.jpa.internal.util.LogHelper  : HHH000204: Processing PersistenceUnitInfo [name: default]
2020-09-26 11:34:03.702  INFO 73262 --- [task-1] org.hibernate.Version                    : HHH000412: Hibernate ORM core version 5.4.21.Final
2020-09-26 11:34:03.895  INFO 73262 --- [task-1] o.hibernate.annotations.common.Version   : HCANN000001: Hibernate Commons Annotations {5.1.0.Final}
2020-09-26 11:34:03.931  WARN 73262 --- [main] JpaBaseConfiguration$JpaWebConfiguration : spring.jpa.open-in-view is enabled by default. Therefore, database queries may be performed during view rendering. Explicitly configure spring.jpa.open-in-view to disable this warning
2020-09-26 11:34:04.049  INFO 73262 --- [task-1] com.zaxxer.hikari.HikariDataSource       : HikariPool-1 - Starting...
2020-09-26 11:34:04.268 DEBUG 73262 --- [main] s.w.s.m.m.a.RequestMappingHandlerAdapter : ControllerAdvice beans: 0 @ModelAttribute, 0 @InitBinder, 1 RequestBodyAdvice, 1 ResponseBodyAdvice
2020-09-26 11:34:04.376 DEBUG 73262 --- [main] s.w.s.m.m.a.RequestMappingHandlerMapping : 3 mappings in 'requestMappingHandlerMapping'
2020-09-26 11:34:04.444 DEBUG 73262 --- [main] o.s.w.s.handler.SimpleUrlHandlerMapping  : Patterns [/webjars/**, /**] in 'resourceHandlerMapping'
2020-09-26 11:34:04.474 DEBUG 73262 --- [main] .m.m.a.ExceptionHandlerExceptionResolver : ControllerAdvice beans: 0 @ExceptionHandler, 1 ResponseBodyAdvice
2020-09-26 11:34:04.655  INFO 73262 --- [main] DeferredRepositoryInitializationListener : Triggering deferred initialization of Spring Data repositories?
2020-09-26 11:34:04.656  INFO 73262 --- [main] DeferredRepositoryInitializationListener : Spring Data repositories initialized!
2020-09-26 11:34:04.666  INFO 73262 --- [main] c.e.demo.ProdasoLiteApplicationTests     : Started ProdasoLiteApplicationTests in 2.866 seconds (JVM running for 4.03)
2020-09-26 11:34:04.995 DEBUG 73262 --- [SpringContextShutdownHook] o.s.w.c.s.GenericWebApplicationContext   : Closing org.springframework.web.context.support.GenericWebApplicationContext@5aa0dbf4, started on Sat Sep 26 11:34:02 CEST 2020
2020-09-26 11:34:04.998  INFO 73262 --- [SpringContextShutdownHook] j.LocalContainerEntityManagerFactoryBean : Closing JPA EntityManagerFactory for persistence unit 'default'
2020-09-26 11:34:05.201 ERROR 73262 --- [task-1] com.zaxxer.hikari.pool.HikariPool        : HikariPool-1 - Exception during pool initialization.

org.postgresql.util.PSQLException: FATAL: role "postgres" is not permitted to log in
	at org.postgresql.core.v3.QueryExecutorImpl.receiveErrorResponse(QueryExecutorImpl.java:2553) ~[postgresql-42.2.16.jar:42.2.16]
	at org.postgresql.core.v3.QueryExecutorImpl.readStartupMessages(QueryExecutorImpl.java:2665) ~[postgresql-42.2.16.jar:42.2.16]
	at org.postgresql.core.v3.QueryExecutorImpl.<init>(QueryExecutorImpl.java:147) ~[postgresql-42.2.16.jar:42.2.16]
	at org.postgresql.core.v3.ConnectionFactoryImpl.openConnectionImpl(ConnectionFactoryImpl.java:273) ~[postgresql-42.2.16.jar:42.2.16]
	at org.postgresql.core.ConnectionFactory.openConnection(ConnectionFactory.java:51) ~[postgresql-42.2.16.jar:42.2.16]
	at org.postgresql.jdbc.PgConnection.<init>(PgConnection.java:225) ~[postgresql-42.2.16.jar:42.2.16]
	at org.postgresql.Driver.makeConnection(Driver.java:465) ~[postgresql-42.2.16.jar:42.2.16]
	at org.postgresql.Driver.connect(Driver.java:264) ~[postgresql-42.2.16.jar:42.2.16]
	at com.zaxxer.hikari.util.DriverDataSource.getConnection(DriverDataSource.java:138) ~[HikariCP-3.4.5.jar:na]
	at com.zaxxer.hikari.pool.PoolBase.newConnection(PoolBase.java:358) ~[HikariCP-3.4.5.jar:na]
	at com.zaxxer.hikari.pool.PoolBase.newPoolEntry(PoolBase.java:206) ~[HikariCP-3.4.5.jar:na]
	at com.zaxxer.hikari.pool.HikariPool.createPoolEntry(HikariPool.java:477) [HikariCP-3.4.5.jar:na]
	at com.zaxxer.hikari.pool.HikariPool.checkFailFast(HikariPool.java:560) [HikariCP-3.4.5.jar:na]
	at com.zaxxer.hikari.pool.HikariPool.<init>(HikariPool.java:115) [HikariCP-3.4.5.jar:na]
	at com.zaxxer.hikari.HikariDataSource.getConnection(HikariDataSource.java:112) [HikariCP-3.4.5.jar:na]
	at org.hibernate.engine.jdbc.connections.internal.DatasourceConnectionProviderImpl.getConnection(DatasourceConnectionProviderImpl.java:122) [hibernate-core-5.4.21.Final.jar:5.4.21.Final]
	at org.hibernate.engine.jdbc.env.internal.JdbcEnvironmentInitiator$ConnectionProviderJdbcConnectionAccess.obtainConnection(JdbcEnvironmentInitiator.java:180) [hibernate-core-5.4.21.Final.jar:5.4.21.Final]
	at org.hibernate.engine.jdbc.env.internal.JdbcEnvironmentInitiator.initiateService(JdbcEnvironmentInitiator.java:68) [hibernate-core-5.4.21.Final.jar:5.4.21.Final]
	at org.hibernate.engine.jdbc.env.internal.JdbcEnvironmentInitiator.initiateService(JdbcEnvironmentInitiator.java:35) [hibernate-core-5.4.21.Final.jar:5.4.21.Final]
	at org.hibernate.boot.registry.internal.StandardServiceRegistryImpl.initiateService(StandardServiceRegistryImpl.java:101) [hibernate-core-5.4.21.Final.jar:5.4.21.Final]
	at org.hibernate.service.internal.AbstractServiceRegistryImpl.createService(AbstractServiceRegistryImpl.java:263) [hibernate-core-5.4.21.Final.jar:5.4.21.Final]
	at org.hibernate.service.internal.AbstractServiceRegistryImpl.initializeService(AbstractServiceRegistryImpl.java:237) [hibernate-core-5.4.21.Final.jar:5.4.21.Final]
	at org.hibernate.service.internal.AbstractServiceRegistryImpl.getService(AbstractServiceRegistryImpl.java:214) [hibernate-core-5.4.21.Final.jar:5.4.21.Final]
	at org.hibernate.id.factory.internal.DefaultIdentifierGeneratorFactory.injectServices(DefaultIdentifierGeneratorFactory.java:152) [hibernate-core-5.4.21.Final.jar:5.4.21.Final]
	at org.hibernate.service.internal.AbstractServiceRegistryImpl.injectDependencies(AbstractServiceRegistryImpl.java:286) [hibernate-core-5.4.21.Final.jar:5.4.21.Final]
	at org.hibernate.service.internal.AbstractServiceRegistryImpl.initializeService(AbstractServiceRegistryImpl.java:243) [hibernate-core-5.4.21.Final.jar:5.4.21.Final]
	at org.hibernate.service.internal.AbstractServiceRegistryImpl.getService(AbstractServiceRegistryImpl.java:214) [hibernate-core-5.4.21.Final.jar:5.4.21.Final]
	at org.hibernate.boot.internal.InFlightMetadataCollectorImpl.<init>(InFlightMetadataCollectorImpl.java:176) [hibernate-core-5.4.21.Final.jar:5.4.21.Final]
	at org.hibernate.boot.model.process.spi.MetadataBuildingProcess.complete(MetadataBuildingProcess.java:118) [hibernate-core-5.4.21.Final.jar:5.4.21.Final]
	at org.hibernate.jpa.boot.internal.EntityManagerFactoryBuilderImpl.metadata(EntityManagerFactoryBuilderImpl.java:1224) [hibernate-core-5.4.21.Final.jar:5.4.21.Final]
	at org.hibernate.jpa.boot.internal.EntityManagerFactoryBuilderImpl.build(EntityManagerFactoryBuilderImpl.java:1255) [hibernate-core-5.4.21.Final.jar:5.4.21.Final]
	at org.springframework.orm.jpa.vendor.SpringHibernateJpaPersistenceProvider.createContainerEntityManagerFactory(SpringHibernateJpaPersistenceProvider.java:58) [spring-orm-5.2.9.RELEASE.jar:5.2.9.RELEASE]
	at org.springframework.orm.jpa.LocalContainerEntityManagerFactoryBean.createNativeEntityManagerFactory(LocalContainerEntityManagerFactoryBean.java:365) [spring-orm-5.2.9.RELEASE.jar:5.2.9.RELEASE]
	at org.springframework.orm.jpa.AbstractEntityManagerFactoryBean.buildNativeEntityManagerFactory(AbstractEntityManagerFactoryBean.java:391) [spring-orm-5.2.9.RELEASE.jar:5.2.9.RELEASE]
	at java.base/java.util.concurrent.FutureTask.run(FutureTask.java:264) ~[na:na]
	at java.base/java.util.concurrent.ThreadPoolExecutor.runWorker(ThreadPoolExecutor.java:1135) ~[na:na]
	at java.base/java.util.concurrent.ThreadPoolExecutor$Worker.run(ThreadPoolExecutor.java:635) ~[na:na]
	at java.base/java.lang.Thread.run(Thread.java:844) ~[na:na]

2020-09-26 11:34:05.202  WARN 73262 --- [task-1] o.h.e.j.e.i.JdbcEnvironmentInitiator     : HHH000342: Could not obtain connection to query metadata : FATAL: role "postgres" is not permitted to log in
2020-09-26 11:34:05.238  INFO 73262 --- [task-1] org.hibernate.dialect.Dialect            : HHH000400: Using dialect: org.hibernate.dialect.PostgreSQLDialect
2020-09-26 11:34:05.463  INFO 73262 --- [task-1] com.zaxxer.hikari.HikariDataSource       : HikariPool-1 - Starting...
2020-09-26 11:34:06.480 ERROR 73262 --- [task-1] com.zaxxer.hikari.pool.HikariPool        : HikariPool-1 - Exception during pool initialization.

org.postgresql.util.PSQLException: FATAL: role "postgres" is not permitted to log in
	at org.postgresql.core.v3.QueryExecutorImpl.receiveErrorResponse(QueryExecutorImpl.java:2553) ~[postgresql-42.2.16.jar:42.2.16]
	at org.postgresql.core.v3.QueryExecutorImpl.readStartupMessages(QueryExecutorImpl.java:2665) ~[postgresql-42.2.16.jar:42.2.16]
	at org.postgresql.core.v3.QueryExecutorImpl.<init>(QueryExecutorImpl.java:147) ~[postgresql-42.2.16.jar:42.2.16]
	at org.postgresql.core.v3.ConnectionFactoryImpl.openConnectionImpl(ConnectionFactoryImpl.java:273) ~[postgresql-42.2.16.jar:42.2.16]
	at org.postgresql.core.ConnectionFactory.openConnection(ConnectionFactory.java:51) ~[postgresql-42.2.16.jar:42.2.16]
	at org.postgresql.jdbc.PgConnection.<init>(PgConnection.java:225) ~[postgresql-42.2.16.jar:42.2.16]
	at org.postgresql.Driver.makeConnection(Driver.java:465) ~[postgresql-42.2.16.jar:42.2.16]
	at org.postgresql.Driver.connect(Driver.java:264) ~[postgresql-42.2.16.jar:42.2.16]
	at com.zaxxer.hikari.util.DriverDataSource.getConnection(DriverDataSource.java:138) ~[HikariCP-3.4.5.jar:na]
	at com.zaxxer.hikari.pool.PoolBase.newConnection(PoolBase.java:358) ~[HikariCP-3.4.5.jar:na]
	at com.zaxxer.hikari.pool.PoolBase.newPoolEntry(PoolBase.java:206) ~[HikariCP-3.4.5.jar:na]
	at com.zaxxer.hikari.pool.HikariPool.createPoolEntry(HikariPool.java:477) [HikariCP-3.4.5.jar:na]
	at com.zaxxer.hikari.pool.HikariPool.checkFailFast(HikariPool.java:560) [HikariCP-3.4.5.jar:na]
	at com.zaxxer.hikari.pool.HikariPool.<init>(HikariPool.java:115) [HikariCP-3.4.5.jar:na]
	at com.zaxxer.hikari.HikariDataSource.getConnection(HikariDataSource.java:112) [HikariCP-3.4.5.jar:na]
	at org.hibernate.engine.jdbc.connections.internal.DatasourceConnectionProviderImpl.getConnection(DatasourceConnectionProviderImpl.java:122) [hibernate-core-5.4.21.Final.jar:5.4.21.Final]
	at org.hibernate.engine.jdbc.env.internal.JdbcEnvironmentInitiator$ConnectionProviderJdbcConnectionAccess.obtainConnection(JdbcEnvironmentInitiator.java:180) [hibernate-core-5.4.21.Final.jar:5.4.21.Final]
	at org.hibernate.resource.transaction.backend.jdbc.internal.DdlTransactionIsolatorNonJtaImpl.getIsolatedConnection(DdlTransactionIsolatorNonJtaImpl.java:43) [hibernate-core-5.4.21.Final.jar:5.4.21.Final]
	at org.hibernate.tool.schema.internal.exec.ImprovedExtractionContextImpl.getJdbcConnection(ImprovedExtractionContextImpl.java:60) [hibernate-core-5.4.21.Final.jar:5.4.21.Final]
	at org.hibernate.tool.schema.extract.internal.SequenceInformationExtractorLegacyImpl.extractMetadata(SequenceInformationExtractorLegacyImpl.java:40) [hibernate-core-5.4.21.Final.jar:5.4.21.Final]
	at org.hibernate.tool.schema.extract.internal.DatabaseInformationImpl.initializeSequences(DatabaseInformationImpl.java:65) [hibernate-core-5.4.21.Final.jar:5.4.21.Final]
	at org.hibernate.tool.schema.extract.internal.DatabaseInformationImpl.<init>(DatabaseInformationImpl.java:59) [hibernate-core-5.4.21.Final.jar:5.4.21.Final]
	at org.hibernate.tool.schema.internal.Helper.buildDatabaseInformation(Helper.java:155) [hibernate-core-5.4.21.Final.jar:5.4.21.Final]
	at org.hibernate.tool.schema.internal.AbstractSchemaValidator.doValidation(AbstractSchemaValidator.java:61) [hibernate-core-5.4.21.Final.jar:5.4.21.Final]
	at org.hibernate.tool.schema.spi.SchemaManagementToolCoordinator.performDatabaseAction(SchemaManagementToolCoordinator.java:192) [hibernate-core-5.4.21.Final.jar:5.4.21.Final]
	at org.hibernate.tool.schema.spi.SchemaManagementToolCoordinator.process(SchemaManagementToolCoordinator.java:73) [hibernate-core-5.4.21.Final.jar:5.4.21.Final]
	at org.hibernate.internal.SessionFactoryImpl.<init>(SessionFactoryImpl.java:316) [hibernate-core-5.4.21.Final.jar:5.4.21.Final]
	at org.hibernate.boot.internal.SessionFactoryBuilderImpl.build(SessionFactoryBuilderImpl.java:469) [hibernate-core-5.4.21.Final.jar:5.4.21.Final]
	at org.hibernate.jpa.boot.internal.EntityManagerFactoryBuilderImpl.build(EntityManagerFactoryBuilderImpl.java:1259) [hibernate-core-5.4.21.Final.jar:5.4.21.Final]
	at org.springframework.orm.jpa.vendor.SpringHibernateJpaPersistenceProvider.createContainerEntityManagerFactory(SpringHibernateJpaPersistenceProvider.java:58) [spring-orm-5.2.9.RELEASE.jar:5.2.9.RELEASE]
	at org.springframework.orm.jpa.LocalContainerEntityManagerFactoryBean.createNativeEntityManagerFactory(LocalContainerEntityManagerFactoryBean.java:365) [spring-orm-5.2.9.RELEASE.jar:5.2.9.RELEASE]
	at org.springframework.orm.jpa.AbstractEntityManagerFactoryBean.buildNativeEntityManagerFactory(AbstractEntityManagerFactoryBean.java:391) [spring-orm-5.2.9.RELEASE.jar:5.2.9.RELEASE]
	at java.base/java.util.concurrent.FutureTask.run(FutureTask.java:264) ~[na:na]
	at java.base/java.util.concurrent.ThreadPoolExecutor.runWorker(ThreadPoolExecutor.java:1135) ~[na:na]
	at java.base/java.util.concurrent.ThreadPoolExecutor$Worker.run(ThreadPoolExecutor.java:635) ~[na:na]
	at java.base/java.lang.Thread.run(Thread.java:844) ~[na:na]

2020-09-26 11:34:06.503  WARN 73262 --- [task-1] o.h.engine.jdbc.spi.SqlExceptionHelper   : SQL Error: 0, SQLState: 28000
2020-09-26 11:34:06.504 ERROR 73262 --- [task-1] o.h.engine.jdbc.spi.SqlExceptionHelper   : FATAL: role "postgres" is not permitted to log in
2020-09-26 11:34:06.509  WARN 73262 --- [SpringContextShutdownHook] o.s.b.f.support.DisposableBeanAdapter    : Invocation of destroy method failed on bean with name 'entityManagerFactory': javax.persistence.PersistenceException: [PersistenceUnit: default] Unable to build Hibernate SessionFactory; nested exception is org.hibernate.exception.GenericJDBCException: Unable to open JDBC Connection for DDL execution
2020-09-26 11:34:06.510  INFO 73262 --- [SpringContextShutdownHook] o.s.s.concurrent.ThreadPoolTaskExecutor  : Shutting down ExecutorService 'applicationTaskExecutor'
2020-09-26 11:34:13.352  INFO 73465 --- [restartedMain] com.example.demo.ProdasoLiteApplication  : Starting ProdasoLiteApplication on jeevan-2.local with PID 73465 (/Users/oyo/Downloads/demo 2/target/classes started by oyo in /Users/oyo/Downloads/demo 2)
2020-09-26 11:34:13.358  INFO 73465 --- [restartedMain] com.example.demo.ProdasoLiteApplication  : No active profile set, falling back to default profiles: default
2020-09-26 11:34:13.418  INFO 73465 --- [restartedMain] .e.DevToolsPropertyDefaultsPostProcessor : Devtools property defaults active! Set 'spring.devtools.add-properties' to 'false' to disable
2020-09-26 11:34:13.419  INFO 73465 --- [restartedMain] .e.DevToolsPropertyDefaultsPostProcessor : For additional web related logging consider setting the 'logging.level.web' property to 'DEBUG'
2020-09-26 11:34:14.030  INFO 73465 --- [restartedMain] .s.d.r.c.RepositoryConfigurationDelegate : Bootstrapping Spring Data JPA repositories in DEFERRED mode.
2020-09-26 11:34:14.046  INFO 73465 --- [restartedMain] .s.d.r.c.RepositoryConfigurationDelegate : Finished Spring Data repository scanning in 10ms. Found 0 JPA repository interfaces.
2020-09-26 11:34:14.482  INFO 73465 --- [restartedMain] o.s.b.w.embedded.tomcat.TomcatWebServer  : Tomcat initialized with port(s): 5000 (http)
2020-09-26 11:34:14.492  INFO 73465 --- [restartedMain] o.apache.catalina.core.StandardService   : Starting service [Tomcat]
2020-09-26 11:34:14.492  INFO 73465 --- [restartedMain] org.apache.catalina.core.StandardEngine  : Starting Servlet engine: [Apache Tomcat/9.0.38]
2020-09-26 11:34:14.577  INFO 73465 --- [restartedMain] o.a.c.c.C.[Tomcat].[localhost].[/]       : Initializing Spring embedded WebApplicationContext
2020-09-26 11:34:14.577  INFO 73465 --- [restartedMain] w.s.c.ServletWebServerApplicationContext : Root WebApplicationContext: initialization completed in 1158 ms
2020-09-26 11:34:14.707  INFO 73465 --- [restartedMain] o.s.s.concurrent.ThreadPoolTaskExecutor  : Initializing ExecutorService 'applicationTaskExecutor'
2020-09-26 11:34:14.734  INFO 73465 --- [task-1] o.hibernate.jpa.internal.util.LogHelper  : HHH000204: Processing PersistenceUnitInfo [name: default]
2020-09-26 11:34:14.756  WARN 73465 --- [restartedMain] JpaBaseConfiguration$JpaWebConfiguration : spring.jpa.open-in-view is enabled by default. Therefore, database queries may be performed during view rendering. Explicitly configure spring.jpa.open-in-view to disable this warning
2020-09-26 11:34:14.767  INFO 73465 --- [task-1] org.hibernate.Version                    : HHH000412: Hibernate ORM core version 5.4.21.Final
2020-09-26 11:34:14.852  INFO 73465 --- [task-1] o.hibernate.annotations.common.Version   : HCANN000001: Hibernate Commons Annotations {5.1.0.Final}
2020-09-26 11:34:14.860 DEBUG 73465 --- [restartedMain] s.w.s.m.m.a.RequestMappingHandlerAdapter : ControllerAdvice beans: 0 @ModelAttribute, 0 @InitBinder, 1 RequestBodyAdvice, 1 ResponseBodyAdvice
2020-09-26 11:34:14.957 DEBUG 73465 --- [restartedMain] s.w.s.m.m.a.RequestMappingHandlerMapping : 3 mappings in 'requestMappingHandlerMapping'
2020-09-26 11:34:14.978  INFO 73465 --- [task-1] com.zaxxer.hikari.HikariDataSource       : HikariPool-1 - Starting...
2020-09-26 11:34:14.981 DEBUG 73465 --- [restartedMain] o.s.w.s.handler.SimpleUrlHandlerMapping  : Patterns [/webjars/**, /**] in 'resourceHandlerMapping'
2020-09-26 11:34:14.995 DEBUG 73465 --- [restartedMain] .m.m.a.ExceptionHandlerExceptionResolver : ControllerAdvice beans: 0 @ExceptionHandler, 1 ResponseBodyAdvice
2020-09-26 11:34:15.084  INFO 73465 --- [restartedMain] o.s.b.d.a.OptionalLiveReloadServer       : LiveReload server is running on port 35729
2020-09-26 11:34:15.119  INFO 73465 --- [restartedMain] o.s.b.w.embedded.tomcat.TomcatWebServer  : Tomcat started on port(s): 5000 (http) with context path ''
2020-09-26 11:34:15.121  INFO 73465 --- [restartedMain] DeferredRepositoryInitializationListener : Triggering deferred initialization of Spring Data repositories…
2020-09-26 11:34:15.121  INFO 73465 --- [restartedMain] DeferredRepositoryInitializationListener : Spring Data repositories initialized!
2020-09-26 11:34:15.129  INFO 73465 --- [restartedMain] com.example.demo.ProdasoLiteApplication  : Started ProdasoLiteApplication in 2.21 seconds (JVM running for 2.949)
2020-09-26 11:34:16.032 ERROR 73465 --- [task-1] com.zaxxer.hikari.pool.HikariPool        : HikariPool-1 - Exception during pool initialization.

org.postgresql.util.PSQLException: FATAL: role "postgres" is not permitted to log in
	at org.postgresql.core.v3.QueryExecutorImpl.receiveErrorResponse(QueryExecutorImpl.java:2553) ~[postgresql-42.2.16.jar:42.2.16]
	at org.postgresql.core.v3.QueryExecutorImpl.readStartupMessages(QueryExecutorImpl.java:2665) ~[postgresql-42.2.16.jar:42.2.16]
	at org.postgresql.core.v3.QueryExecutorImpl.<init>(QueryExecutorImpl.java:147) ~[postgresql-42.2.16.jar:42.2.16]
	at org.postgresql.core.v3.ConnectionFactoryImpl.openConnectionImpl(ConnectionFactoryImpl.java:273) ~[postgresql-42.2.16.jar:42.2.16]
	at org.postgresql.core.ConnectionFactory.openConnection(ConnectionFactory.java:51) ~[postgresql-42.2.16.jar:42.2.16]
	at org.postgresql.jdbc.PgConnection.<init>(PgConnection.java:225) ~[postgresql-42.2.16.jar:42.2.16]
	at org.postgresql.Driver.makeConnection(Driver.java:465) ~[postgresql-42.2.16.jar:42.2.16]
	at org.postgresql.Driver.connect(Driver.java:264) ~[postgresql-42.2.16.jar:42.2.16]
	at com.zaxxer.hikari.util.DriverDataSource.getConnection(DriverDataSource.java:138) ~[HikariCP-3.4.5.jar:na]
	at com.zaxxer.hikari.pool.PoolBase.newConnection(PoolBase.java:358) ~[HikariCP-3.4.5.jar:na]
	at com.zaxxer.hikari.pool.PoolBase.newPoolEntry(PoolBase.java:206) ~[HikariCP-3.4.5.jar:na]
	at com.zaxxer.hikari.pool.HikariPool.createPoolEntry(HikariPool.java:477) [HikariCP-3.4.5.jar:na]
	at com.zaxxer.hikari.pool.HikariPool.checkFailFast(HikariPool.java:560) [HikariCP-3.4.5.jar:na]
	at com.zaxxer.hikari.pool.HikariPool.<init>(HikariPool.java:115) [HikariCP-3.4.5.jar:na]
	at com.zaxxer.hikari.HikariDataSource.getConnection(HikariDataSource.java:112) [HikariCP-3.4.5.jar:na]
	at org.hibernate.engine.jdbc.connections.internal.DatasourceConnectionProviderImpl.getConnection(DatasourceConnectionProviderImpl.java:122) [hibernate-core-5.4.21.Final.jar:5.4.21.Final]
	at org.hibernate.engine.jdbc.env.internal.JdbcEnvironmentInitiator$ConnectionProviderJdbcConnectionAccess.obtainConnection(JdbcEnvironmentInitiator.java:180) [hibernate-core-5.4.21.Final.jar:5.4.21.Final]
	at org.hibernate.engine.jdbc.env.internal.JdbcEnvironmentInitiator.initiateService(JdbcEnvironmentInitiator.java:68) [hibernate-core-5.4.21.Final.jar:5.4.21.Final]
	at org.hibernate.engine.jdbc.env.internal.JdbcEnvironmentInitiator.initiateService(JdbcEnvironmentInitiator.java:35) [hibernate-core-5.4.21.Final.jar:5.4.21.Final]
	at org.hibernate.boot.registry.internal.StandardServiceRegistryImpl.initiateService(StandardServiceRegistryImpl.java:101) [hibernate-core-5.4.21.Final.jar:5.4.21.Final]
	at org.hibernate.service.internal.AbstractServiceRegistryImpl.createService(AbstractServiceRegistryImpl.java:263) [hibernate-core-5.4.21.Final.jar:5.4.21.Final]
	at org.hibernate.service.internal.AbstractServiceRegistryImpl.initializeService(AbstractServiceRegistryImpl.java:237) [hibernate-core-5.4.21.Final.jar:5.4.21.Final]
	at org.hibernate.service.internal.AbstractServiceRegistryImpl.getService(AbstractServiceRegistryImpl.java:214) [hibernate-core-5.4.21.Final.jar:5.4.21.Final]
	at org.hibernate.id.factory.internal.DefaultIdentifierGeneratorFactory.injectServices(DefaultIdentifierGeneratorFactory.java:152) [hibernate-core-5.4.21.Final.jar:5.4.21.Final]
	at org.hibernate.service.internal.AbstractServiceRegistryImpl.injectDependencies(AbstractServiceRegistryImpl.java:286) [hibernate-core-5.4.21.Final.jar:5.4.21.Final]
	at org.hibernate.service.internal.AbstractServiceRegistryImpl.initializeService(AbstractServiceRegistryImpl.java:243) [hibernate-core-5.4.21.Final.jar:5.4.21.Final]
	at org.hibernate.service.internal.AbstractServiceRegistryImpl.getService(AbstractServiceRegistryImpl.java:214) [hibernate-core-5.4.21.Final.jar:5.4.21.Final]
	at org.hibernate.boot.internal.InFlightMetadataCollectorImpl.<init>(InFlightMetadataCollectorImpl.java:176) [hibernate-core-5.4.21.Final.jar:5.4.21.Final]
	at org.hibernate.boot.model.process.spi.MetadataBuildingProcess.complete(MetadataBuildingProcess.java:118) [hibernate-core-5.4.21.Final.jar:5.4.21.Final]
	at org.hibernate.jpa.boot.internal.EntityManagerFactoryBuilderImpl.metadata(EntityManagerFactoryBuilderImpl.java:1224) [hibernate-core-5.4.21.Final.jar:5.4.21.Final]
	at org.hibernate.jpa.boot.internal.EntityManagerFactoryBuilderImpl.build(EntityManagerFactoryBuilderImpl.java:1255) [hibernate-core-5.4.21.Final.jar:5.4.21.Final]
	at org.springframework.orm.jpa.vendor.SpringHibernateJpaPersistenceProvider.createContainerEntityManagerFactory(SpringHibernateJpaPersistenceProvider.java:58) [spring-orm-5.2.9.RELEASE.jar:5.2.9.RELEASE]
	at org.springframework.orm.jpa.LocalContainerEntityManagerFactoryBean.createNativeEntityManagerFactory(LocalContainerEntityManagerFactoryBean.java:365) [spring-orm-5.2.9.RELEASE.jar:5.2.9.RELEASE]
	at org.springframework.orm.jpa.AbstractEntityManagerFactoryBean.buildNativeEntityManagerFactory(AbstractEntityManagerFactoryBean.java:391) [spring-orm-5.2.9.RELEASE.jar:5.2.9.RELEASE]
	at java.util.concurrent.FutureTask.run(FutureTask.java:266) ~[na:1.8.0_171]
	at java.util.concurrent.ThreadPoolExecutor.runWorker(ThreadPoolExecutor.java:1149) ~[na:1.8.0_171]
	at java.util.concurrent.ThreadPoolExecutor$Worker.run(ThreadPoolExecutor.java:624) ~[na:1.8.0_171]
	at java.lang.Thread.run(Thread.java:748) ~[na:1.8.0_171]

2020-09-26 11:34:16.034  WARN 73465 --- [task-1] o.h.e.j.e.i.JdbcEnvironmentInitiator     : HHH000342: Could not obtain connection to query metadata : FATAL: role "postgres" is not permitted to log in
2020-09-26 11:34:16.042  INFO 73465 --- [task-1] org.hibernate.dialect.Dialect            : HHH000400: Using dialect: org.hibernate.dialect.PostgreSQLDialect
2020-09-26 11:34:16.129  INFO 73465 --- [task-1] com.zaxxer.hikari.HikariDataSource       : HikariPool-1 - Starting...
2020-09-26 11:34:17.137 ERROR 73465 --- [task-1] com.zaxxer.hikari.pool.HikariPool        : HikariPool-1 - Exception during pool initialization.

org.postgresql.util.PSQLException: FATAL: role "postgres" is not permitted to log in
	at org.postgresql.core.v3.QueryExecutorImpl.receiveErrorResponse(QueryExecutorImpl.java:2553) ~[postgresql-42.2.16.jar:42.2.16]
	at org.postgresql.core.v3.QueryExecutorImpl.readStartupMessages(QueryExecutorImpl.java:2665) ~[postgresql-42.2.16.jar:42.2.16]
	at org.postgresql.core.v3.QueryExecutorImpl.<init>(QueryExecutorImpl.java:147) ~[postgresql-42.2.16.jar:42.2.16]
	at org.postgresql.core.v3.ConnectionFactoryImpl.openConnectionImpl(ConnectionFactoryImpl.java:273) ~[postgresql-42.2.16.jar:42.2.16]
	at org.postgresql.core.ConnectionFactory.openConnection(ConnectionFactory.java:51) ~[postgresql-42.2.16.jar:42.2.16]
	at org.postgresql.jdbc.PgConnection.<init>(PgConnection.java:225) ~[postgresql-42.2.16.jar:42.2.16]
	at org.postgresql.Driver.makeConnection(Driver.java:465) ~[postgresql-42.2.16.jar:42.2.16]
	at org.postgresql.Driver.connect(Driver.java:264) ~[postgresql-42.2.16.jar:42.2.16]
	at com.zaxxer.hikari.util.DriverDataSource.getConnection(DriverDataSource.java:138) ~[HikariCP-3.4.5.jar:na]
	at com.zaxxer.hikari.pool.PoolBase.newConnection(PoolBase.java:358) ~[HikariCP-3.4.5.jar:na]
	at com.zaxxer.hikari.pool.PoolBase.newPoolEntry(PoolBase.java:206) ~[HikariCP-3.4.5.jar:na]
	at com.zaxxer.hikari.pool.HikariPool.createPoolEntry(HikariPool.java:477) [HikariCP-3.4.5.jar:na]
	at com.zaxxer.hikari.pool.HikariPool.checkFailFast(HikariPool.java:560) [HikariCP-3.4.5.jar:na]
	at com.zaxxer.hikari.pool.HikariPool.<init>(HikariPool.java:115) [HikariCP-3.4.5.jar:na]
	at com.zaxxer.hikari.HikariDataSource.getConnection(HikariDataSource.java:112) [HikariCP-3.4.5.jar:na]
	at org.hibernate.engine.jdbc.connections.internal.DatasourceConnectionProviderImpl.getConnection(DatasourceConnectionProviderImpl.java:122) [hibernate-core-5.4.21.Final.jar:5.4.21.Final]
	at org.hibernate.engine.jdbc.env.internal.JdbcEnvironmentInitiator$ConnectionProviderJdbcConnectionAccess.obtainConnection(JdbcEnvironmentInitiator.java:180) [hibernate-core-5.4.21.Final.jar:5.4.21.Final]
	at org.hibernate.resource.transaction.backend.jdbc.internal.DdlTransactionIsolatorNonJtaImpl.getIsolatedConnection(DdlTransactionIsolatorNonJtaImpl.java:43) [hibernate-core-5.4.21.Final.jar:5.4.21.Final]
	at org.hibernate.tool.schema.internal.exec.ImprovedExtractionContextImpl.getJdbcConnection(ImprovedExtractionContextImpl.java:60) [hibernate-core-5.4.21.Final.jar:5.4.21.Final]
	at org.hibernate.tool.schema.extract.internal.SequenceInformationExtractorLegacyImpl.extractMetadata(SequenceInformationExtractorLegacyImpl.java:40) [hibernate-core-5.4.21.Final.jar:5.4.21.Final]
	at org.hibernate.tool.schema.extract.internal.DatabaseInformationImpl.initializeSequences(DatabaseInformationImpl.java:65) [hibernate-core-5.4.21.Final.jar:5.4.21.Final]
	at org.hibernate.tool.schema.extract.internal.DatabaseInformationImpl.<init>(DatabaseInformationImpl.java:59) [hibernate-core-5.4.21.Final.jar:5.4.21.Final]
	at org.hibernate.tool.schema.internal.Helper.buildDatabaseInformation(Helper.java:155) [hibernate-core-5.4.21.Final.jar:5.4.21.Final]
	at org.hibernate.tool.schema.internal.AbstractSchemaValidator.doValidation(AbstractSchemaValidator.java:61) [hibernate-core-5.4.21.Final.jar:5.4.21.Final]
	at org.hibernate.tool.schema.spi.SchemaManagementToolCoordinator.performDatabaseAction(SchemaManagementToolCoordinator.java:192) [hibernate-core-5.4.21.Final.jar:5.4.21.Final]
	at org.hibernate.tool.schema.spi.SchemaManagementToolCoordinator.process(SchemaManagementToolCoordinator.java:73) [hibernate-core-5.4.21.Final.jar:5.4.21.Final]
	at org.hibernate.internal.SessionFactoryImpl.<init>(SessionFactoryImpl.java:316) [hibernate-core-5.4.21.Final.jar:5.4.21.Final]
	at org.hibernate.boot.internal.SessionFactoryBuilderImpl.build(SessionFactoryBuilderImpl.java:469) [hibernate-core-5.4.21.Final.jar:5.4.21.Final]
	at org.hibernate.jpa.boot.internal.EntityManagerFactoryBuilderImpl.build(EntityManagerFactoryBuilderImpl.java:1259) [hibernate-core-5.4.21.Final.jar:5.4.21.Final]
	at org.springframework.orm.jpa.vendor.SpringHibernateJpaPersistenceProvider.createContainerEntityManagerFactory(SpringHibernateJpaPersistenceProvider.java:58) [spring-orm-5.2.9.RELEASE.jar:5.2.9.RELEASE]
	at org.springframework.orm.jpa.LocalContainerEntityManagerFactoryBean.createNativeEntityManagerFactory(LocalContainerEntityManagerFactoryBean.java:365) [spring-orm-5.2.9.RELEASE.jar:5.2.9.RELEASE]
	at org.springframework.orm.jpa.AbstractEntityManagerFactoryBean.buildNativeEntityManagerFactory(AbstractEntityManagerFactoryBean.java:391) [spring-orm-5.2.9.RELEASE.jar:5.2.9.RELEASE]
	at java.util.concurrent.FutureTask.run(FutureTask.java:266) ~[na:1.8.0_171]
	at java.util.concurrent.ThreadPoolExecutor.runWorker(ThreadPoolExecutor.java:1149) ~[na:1.8.0_171]
	at java.util.concurrent.ThreadPoolExecutor$Worker.run(ThreadPoolExecutor.java:624) ~[na:1.8.0_171]
	at java.lang.Thread.run(Thread.java:748) ~[na:1.8.0_171]

2020-09-26 11:34:17.138  WARN 73465 --- [task-1] o.h.engine.jdbc.spi.SqlExceptionHelper   : SQL Error: 0, SQLState: 28000
2020-09-26 11:34:17.138 ERROR 73465 --- [task-1] o.h.engine.jdbc.spi.SqlExceptionHelper   : FATAL: role "postgres" is not permitted to log in
2020-09-26 11:34:41.142  INFO 73465 --- [SpringContextShutdownHook] j.LocalContainerEntityManagerFactoryBean : Closing JPA EntityManagerFactory for persistence unit 'default'
2020-09-26 11:34:41.143  WARN 73465 --- [SpringContextShutdownHook] o.s.b.f.support.DisposableBeanAdapter    : Invocation of destroy method failed on bean with name 'entityManagerFactory': javax.persistence.PersistenceException: [PersistenceUnit: default] Unable to build Hibernate SessionFactory; nested exception is org.hibernate.exception.GenericJDBCException: Unable to open JDBC Connection for DDL execution
2020-09-26 11:34:41.144  INFO 73465 --- [SpringContextShutdownHook] o.s.s.concurrent.ThreadPoolTaskExecutor  : Shutting down ExecutorService 'applicationTaskExecutor'
2020-09-26 11:34:44.435  INFO 74045 --- [restartedMain] com.example.demo.ProdasoLiteApplication  : Starting ProdasoLiteApplication on jeevan-2.local with PID 74045 (/Users/oyo/Downloads/demo 2/target/classes started by oyo in /Users/oyo/Downloads/demo 2)
2020-09-26 11:34:44.438  INFO 74045 --- [restartedMain] com.example.demo.ProdasoLiteApplication  : No active profile set, falling back to default profiles: default
2020-09-26 11:34:44.496  INFO 74045 --- [restartedMain] .e.DevToolsPropertyDefaultsPostProcessor : Devtools property defaults active! Set 'spring.devtools.add-properties' to 'false' to disable
2020-09-26 11:34:44.496  INFO 74045 --- [restartedMain] .e.DevToolsPropertyDefaultsPostProcessor : For additional web related logging consider setting the 'logging.level.web' property to 'DEBUG'
2020-09-26 11:34:45.156  INFO 74045 --- [restartedMain] .s.d.r.c.RepositoryConfigurationDelegate : Bootstrapping Spring Data JPA repositories in DEFERRED mode.
2020-09-26 11:34:45.174  INFO 74045 --- [restartedMain] .s.d.r.c.RepositoryConfigurationDelegate : Finished Spring Data repository scanning in 10ms. Found 0 JPA repository interfaces.
2020-09-26 11:34:45.601  INFO 74045 --- [restartedMain] o.s.b.w.embedded.tomcat.TomcatWebServer  : Tomcat initialized with port(s): 5000 (http)
2020-09-26 11:34:45.608  INFO 74045 --- [restartedMain] o.apache.catalina.core.StandardService   : Starting service [Tomcat]
2020-09-26 11:34:45.608  INFO 74045 --- [restartedMain] org.apache.catalina.core.StandardEngine  : Starting Servlet engine: [Apache Tomcat/9.0.38]
2020-09-26 11:34:45.692  INFO 74045 --- [restartedMain] o.a.c.c.C.[Tomcat].[localhost].[/]       : Initializing Spring embedded WebApplicationContext
2020-09-26 11:34:45.692  INFO 74045 --- [restartedMain] w.s.c.ServletWebServerApplicationContext : Root WebApplicationContext: initialization completed in 1196 ms
2020-09-26 11:34:45.817  INFO 74045 --- [restartedMain] o.s.s.concurrent.ThreadPoolTaskExecutor  : Initializing ExecutorService 'applicationTaskExecutor'
2020-09-26 11:34:45.844  INFO 74045 --- [task-1] o.hibernate.jpa.internal.util.LogHelper  : HHH000204: Processing PersistenceUnitInfo [name: default]
2020-09-26 11:34:45.869  WARN 74045 --- [restartedMain] JpaBaseConfiguration$JpaWebConfiguration : spring.jpa.open-in-view is enabled by default. Therefore, database queries may be performed during view rendering. Explicitly configure spring.jpa.open-in-view to disable this warning
2020-09-26 11:34:45.877  INFO 74045 --- [task-1] org.hibernate.Version                    : HHH000412: Hibernate ORM core version 5.4.21.Final
2020-09-26 11:34:45.968  INFO 74045 --- [task-1] o.hibernate.annotations.common.Version   : HCANN000001: Hibernate Commons Annotations {5.1.0.Final}
2020-09-26 11:34:45.975 DEBUG 74045 --- [restartedMain] s.w.s.m.m.a.RequestMappingHandlerAdapter : ControllerAdvice beans: 0 @ModelAttribute, 0 @InitBinder, 1 RequestBodyAdvice, 1 ResponseBodyAdvice
2020-09-26 11:34:46.082 DEBUG 74045 --- [restartedMain] s.w.s.m.m.a.RequestMappingHandlerMapping : 3 mappings in 'requestMappingHandlerMapping'
2020-09-26 11:34:46.100  INFO 74045 --- [task-1] com.zaxxer.hikari.HikariDataSource       : HikariPool-1 - Starting...
2020-09-26 11:34:46.105 DEBUG 74045 --- [restartedMain] o.s.w.s.handler.SimpleUrlHandlerMapping  : Patterns [/webjars/**, /**] in 'resourceHandlerMapping'
2020-09-26 11:34:46.113 DEBUG 74045 --- [restartedMain] .m.m.a.ExceptionHandlerExceptionResolver : ControllerAdvice beans: 0 @ExceptionHandler, 1 ResponseBodyAdvice
2020-09-26 11:34:46.185  INFO 74045 --- [restartedMain] o.s.b.d.a.OptionalLiveReloadServer       : LiveReload server is running on port 35729
2020-09-26 11:34:46.187  INFO 74045 --- [task-1] com.zaxxer.hikari.HikariDataSource       : HikariPool-1 - Start completed.
2020-09-26 11:34:46.199  INFO 74045 --- [task-1] org.hibernate.dialect.Dialect            : HHH000400: Using dialect: org.hibernate.dialect.PostgreSQLDialect
2020-09-26 11:34:46.224  INFO 74045 --- [restartedMain] o.s.b.w.embedded.tomcat.TomcatWebServer  : Tomcat started on port(s): 5000 (http) with context path ''
2020-09-26 11:34:46.225  INFO 74045 --- [restartedMain] DeferredRepositoryInitializationListener : Triggering deferred initialization of Spring Data repositories…
2020-09-26 11:34:46.226  INFO 74045 --- [restartedMain] DeferredRepositoryInitializationListener : Spring Data repositories initialized!
2020-09-26 11:34:46.236  INFO 74045 --- [restartedMain] com.example.demo.ProdasoLiteApplication  : Started ProdasoLiteApplication in 2.103 seconds (JVM running for 2.688)
2020-09-26 11:34:46.404  INFO 74045 --- [task-1] o.h.e.t.j.p.i.JtaPlatformInitiator       : HHH000490: Using JtaPlatform implementation: [org.hibernate.engine.transaction.jta.platform.internal.NoJtaPlatform]
2020-09-26 11:34:46.410  INFO 74045 --- [task-1] j.LocalContainerEntityManagerFactoryBean : Initialized JPA EntityManagerFactory for persistence unit 'default'
2020-09-26 11:34:59.407  INFO 74045 --- [http-nio-5000-exec-2] o.a.c.c.C.[Tomcat].[localhost].[/]       : Initializing Spring DispatcherServlet 'dispatcherServlet'
2020-09-26 11:34:59.409  INFO 74045 --- [http-nio-5000-exec-2] o.s.web.servlet.DispatcherServlet        : Initializing Servlet 'dispatcherServlet'
2020-09-26 11:34:59.409 DEBUG 74045 --- [http-nio-5000-exec-2] o.s.web.servlet.DispatcherServlet        : Detected StandardServletMultipartResolver
2020-09-26 11:34:59.420 DEBUG 74045 --- [http-nio-5000-exec-2] o.s.web.servlet.DispatcherServlet        : enableLoggingRequestDetails='false': request parameters and headers will be masked to prevent unsafe logging of potentially sensitive data
2020-09-26 11:34:59.420  INFO 74045 --- [http-nio-5000-exec-2] o.s.web.servlet.DispatcherServlet        : Completed initialization in 11 ms
2020-09-26 11:34:59.434 DEBUG 74045 --- [http-nio-5000-exec-2] o.s.web.servlet.DispatcherServlet        : GET "/health", parameters={}
2020-09-26 11:34:59.438 DEBUG 74045 --- [http-nio-5000-exec-2] s.w.s.m.m.a.RequestMappingHandlerMapping : Mapped to com.example.demo.controller.HealthController#getCategories()
2020-09-26 11:34:59.596 DEBUG 74045 --- [http-nio-5000-exec-2] m.m.a.RequestResponseBodyMethodProcessor : Using 'application/json', given [application/json] and supported [text/plain, */*, text/plain, */*, application/json, application/*+json, application/json, application/*+json]
2020-09-26 11:34:59.596 DEBUG 74045 --- [http-nio-5000-exec-2] m.m.a.RequestResponseBodyMethodProcessor : Writing ["Hey wassssuppp!"]
2020-09-26 11:34:59.635 DEBUG 74045 --- [http-nio-5000-exec-2] o.s.web.servlet.DispatcherServlet        : Completed 200 OK
2020-09-26 11:48:57.298  INFO 74045 --- [Thread-11] j.LocalContainerEntityManagerFactoryBean : Closing JPA EntityManagerFactory for persistence unit 'default'
2020-09-26 11:48:57.323  INFO 74045 --- [Thread-11] o.s.s.concurrent.ThreadPoolTaskExecutor  : Shutting down ExecutorService 'applicationTaskExecutor'
2020-09-26 11:48:57.337  INFO 74045 --- [Thread-11] com.zaxxer.hikari.HikariDataSource       : HikariPool-1 - Shutdown initiated...
2020-09-26 11:48:57.345  INFO 74045 --- [Thread-11] com.zaxxer.hikari.HikariDataSource       : HikariPool-1 - Shutdown completed.
